Started GET "/" for 127.0.0.1 at 2017-12-30 01:43:31 +0530
Processing by Rails::WelcomeController#index as HTML
  Rendering C:/RailsInstaller/Ruby2.3.3/lib/ruby/gems/2.3.0/gems/railties-5.1.4/lib/rails/templates/rails/welcome/index.html.erb
  Rendered C:/RailsInstaller/Ruby2.3.3/lib/ruby/gems/2.3.0/gems/railties-5.1.4/lib/rails/templates/rails/welcome/index.html.erb (7.0ms)
Completed 200 OK in 555ms (Views: 64.4ms)


Started GET "/" for 127.0.0.1 at 2017-12-30 01:56:49 +0530
Processing by PostsController#index as HTML
  Rendering posts/index.html.erb within layouts/application
  Rendered posts/index.html.erb within layouts/application (1.0ms)
Completed 500 Internal Server Error in 4199ms


  
ActionView::Template::Error (TypeError: Object doesn't support this property or method):
    4:     <title>SimpleBlog</title>
    5:     <%= csrf_meta_tags %>
    6: 
    7:     <%= stylesheet_link_tag    'application', media: 'all', 'data-turbolinks-track': 'reload' %>
    8:     <%= javascript_include_tag 'application', 'data-turbolinks-track': 'reload' %>
    9:   </head>
   10: 
  
app/views/layouts/application.html.erb:7:in `_app_views_layouts_application_html_erb___495965839_64713588'
Started GET "/" for 127.0.0.1 at 2017-12-30 01:59:38 +0530
Processing by PostsController#index as HTML
  Rendering posts/index.html.erb within layouts/application
  Rendered posts/index.html.erb within layouts/application (1.0ms)
Completed 500 Internal Server Error in 738ms


  
ActionView::Template::Error (TypeError: Object doesn't support this property or method):
    4:     <title>SimpleBlog</title>
    5:     <%= csrf_meta_tags %>
    6: 
    7:     <%= stylesheet_link_tag    'application', media: 'all', 'data-turbolinks-track': 'reload' %>
    8:     <%= javascript_include_tag 'application', 'data-turbolinks-track': 'reload' %>
    9:   </head>
   10: 
  
app/views/layouts/application.html.erb:7:in `_app_views_layouts_application_html_erb___495965839_92321820'
Started GET "/" for 127.0.0.1 at 2017-12-30 02:00:07 +0530
Processing by PostsController#index as HTML
  Rendering posts/index.html.erb within layouts/application
  Rendered posts/index.html.erb within layouts/application (1.0ms)
Completed 500 Internal Server Error in 798ms


  
ActionView::Template::Error (TypeError: Object doesn't support this property or method):
    4:     <title>SimpleBlog</title>
    5:     <%= csrf_meta_tags %>
    6: 
    7:     <%= stylesheet_link_tag    'application', media: 'all', 'data-turbolinks-track': 'reload' %>
    8:     <%= javascript_include_tag 'application', 'data-turbolinks-track': 'reload' %>
    9:   </head>
   10: 
  
app/views/layouts/application.html.erb:7:in `_app_views_layouts_application_html_erb___495965839_76641336'
Started GET "/" for 127.0.0.1 at 2017-12-30 02:04:02 +0530
Processing by PostsController#index as HTML
  Rendering posts/index.html.erb within layouts/application
  Rendered posts/index.html.erb within layouts/application (1.0ms)
Completed 500 Internal Server Error in 125ms


  
ActionView::Template::Error (The asset "default.css" is not present in the asset pipeline.):
    4:     <title>SimpleBlog</title>
    5:     <%= csrf_meta_tags %>
    6: 
    7:     <%= stylesheet_link_tag    'default', media: 'all', 'data-turbolinks-track': 'reload' %>
    8:     <%= javascript_include_tag 'application', 'data-turbolinks-track': 'reload' %>
    9:   </head>
   10: 
  
app/views/layouts/application.html.erb:7:in `_app_views_layouts_application_html_erb___495965839_63472296'
Started GET "/" for 127.0.0.1 at 2017-12-30 02:05:32 +0530
Processing by PostsController#index as HTML
  Rendering posts/index.html.erb within layouts/application
  Rendered posts/index.html.erb within layouts/application (1.0ms)
Completed 500 Internal Server Error in 133ms


  
ActionView::Template::Error (The asset "default.css" is not present in the asset pipeline.):
    4:     <title>SimpleBlog</title>
    5:     <%= csrf_meta_tags %>
    6: 
    7:     <%= stylesheet_link_tag    'default', media: 'all', 'data-turbolinks-track': 'reload' %>
    8:     <%= javascript_include_tag 'application', 'data-turbolinks-track': 'reload' %>
    9:   </head>
   10: 
  
app/views/layouts/application.html.erb:7:in `_app_views_layouts_application_html_erb___495965839_94986108'
Started GET "/" for 127.0.0.1 at 2017-12-30 02:09:36 +0530
Processing by PostsController#index as HTML
  Rendering posts/index.html.erb within layouts/application
  Rendered posts/index.html.erb within layouts/application (4.0ms)
Completed 500 Internal Server Error in 819ms


  
ActionView::Template::Error (The asset "default.css" is not present in the asset pipeline.):
    4:     <title>SimpleBlog</title>
    5:     <%= csrf_meta_tags %>
    6: 
    7:     <%= stylesheet_link_tag    'default', media: 'all', 'data-turbolinks-track': 'reload' %>
    8:     <%= javascript_include_tag 'application', 'data-turbolinks-track': 'reload' %>
    9:   </head>
   10: 
  
app/views/layouts/application.html.erb:7:in `_app_views_layouts_application_html_erb___366947196_65389524'
Started GET "/" for 127.0.0.1 at 2017-12-30 02:10:02 +0530
Processing by PostsController#index as HTML
  Rendering posts/index.html.erb within layouts/application
  Rendered posts/index.html.erb within layouts/application (0.5ms)
Completed 200 OK in 1794ms (Views: 1770.2ms)


Started GET "/about" for 127.0.0.1 at 2017-12-30 02:12:50 +0530
  
ActionController::RoutingError (No route matches [GET] "/about"):
  
actionpack (5.1.4) lib/action_dispatch/middleware/debug_exceptions.rb:63:in `call'
web-console (3.5.1) lib/web_console/middleware.rb:135:in `call_app'
web-console (3.5.1) lib/web_console/middleware.rb:28:in `block in call'
web-console (3.5.1) lib/web_console/middleware.rb:18:in `catch'
web-console (3.5.1) lib/web_console/middleware.rb:18:in `call'
actionpack (5.1.4) lib/action_dispatch/middleware/show_exceptions.rb:31:in `call'
railties (5.1.4) lib/rails/rack/logger.rb:36:in `call_app'
railties (5.1.4) lib/rails/rack/logger.rb:24:in `block in call'
activesupport (5.1.4) lib/active_support/tagged_logging.rb:69:in `block in tagged'
activesupport (5.1.4) lib/active_support/tagged_logging.rb:26:in `tagged'
activesupport (5.1.4) lib/active_support/tagged_logging.rb:69:in `tagged'
railties (5.1.4) lib/rails/rack/logger.rb:24:in `call'
sprockets-rails (3.2.1) lib/sprockets/rails/quiet_assets.rb:13:in `call'
actionpack (5.1.4) lib/action_dispatch/middleware/remote_ip.rb:79:in `call'
actionpack (5.1.4) lib/action_dispatch/middleware/request_id.rb:25:in `call'
rack (2.0.3) lib/rack/method_override.rb:22:in `call'
rack (2.0.3) lib/rack/runtime.rb:22:in `call'
activesupport (5.1.4) lib/active_support/cache/strategy/local_cache_middleware.rb:27:in `call'
actionpack (5.1.4) lib/action_dispatch/middleware/executor.rb:12:in `call'
actionpack (5.1.4) lib/action_dispatch/middleware/static.rb:125:in `call'
rack (2.0.3) lib/rack/sendfile.rb:111:in `call'
railties (5.1.4) lib/rails/engine.rb:522:in `call'
puma (3.11.0) lib/puma/configuration.rb:225:in `call'
puma (3.11.0) lib/puma/server.rb:624:in `handle_request'
puma (3.11.0) lib/puma/server.rb:438:in `process_client'
puma (3.11.0) lib/puma/server.rb:302:in `block in run'
puma (3.11.0) lib/puma/thread_pool.rb:120:in `block in spawn_thread'
Started GET "/about" for 127.0.0.1 at 2017-12-30 02:14:59 +0530
Processing by PagesController#about as HTML
  Rendering pages/about.html.erb within layouts/application
  Rendered pages/about.html.erb within layouts/application (1.5ms)
Completed 200 OK in 548ms (Views: 525.6ms)


Started GET "/about" for 127.0.0.1 at 2017-12-30 02:17:29 +0530
Processing by PagesController#about as HTML
  Rendering pages/about.html.erb within layouts/application
  Rendered pages/about.html.erb within layouts/application (1.0ms)
Completed 200 OK in 160ms (Views: 132.9ms)


Started GET "/about" for 127.0.0.1 at 2017-12-30 02:18:55 +0530
Processing by PagesController#about as HTML
  Rendering pages/about.html.erb within layouts/application
  Rendered pages/about.html.erb within layouts/application (1.0ms)
Completed 200 OK in 153ms (Views: 129.5ms)


Started GET "/Posts/new" for 127.0.0.1 at 2017-12-30 02:23:07 +0530
  
ActionController::RoutingError (No route matches [GET] "/Posts/new"):
  
actionpack (5.1.4) lib/action_dispatch/middleware/debug_exceptions.rb:63:in `call'
web-console (3.5.1) lib/web_console/middleware.rb:135:in `call_app'
web-console (3.5.1) lib/web_console/middleware.rb:28:in `block in call'
web-console (3.5.1) lib/web_console/middleware.rb:18:in `catch'
web-console (3.5.1) lib/web_console/middleware.rb:18:in `call'
actionpack (5.1.4) lib/action_dispatch/middleware/show_exceptions.rb:31:in `call'
railties (5.1.4) lib/rails/rack/logger.rb:36:in `call_app'
railties (5.1.4) lib/rails/rack/logger.rb:24:in `block in call'
activesupport (5.1.4) lib/active_support/tagged_logging.rb:69:in `block in tagged'
activesupport (5.1.4) lib/active_support/tagged_logging.rb:26:in `tagged'
activesupport (5.1.4) lib/active_support/tagged_logging.rb:69:in `tagged'
railties (5.1.4) lib/rails/rack/logger.rb:24:in `call'
sprockets-rails (3.2.1) lib/sprockets/rails/quiet_assets.rb:13:in `call'
actionpack (5.1.4) lib/action_dispatch/middleware/remote_ip.rb:79:in `call'
actionpack (5.1.4) lib/action_dispatch/middleware/request_id.rb:25:in `call'
rack (2.0.3) lib/rack/method_override.rb:22:in `call'
rack (2.0.3) lib/rack/runtime.rb:22:in `call'
activesupport (5.1.4) lib/active_support/cache/strategy/local_cache_middleware.rb:27:in `call'
actionpack (5.1.4) lib/action_dispatch/middleware/executor.rb:12:in `call'
actionpack (5.1.4) lib/action_dispatch/middleware/static.rb:125:in `call'
rack (2.0.3) lib/rack/sendfile.rb:111:in `call'
railties (5.1.4) lib/rails/engine.rb:522:in `call'
puma (3.11.0) lib/puma/configuration.rb:225:in `call'
puma (3.11.0) lib/puma/server.rb:624:in `handle_request'
puma (3.11.0) lib/puma/server.rb:438:in `process_client'
puma (3.11.0) lib/puma/server.rb:302:in `block in run'
puma (3.11.0) lib/puma/thread_pool.rb:120:in `block in spawn_thread'
Started GET "/posts/new" for 127.0.0.1 at 2017-12-30 02:23:25 +0530
Processing by PostsController#new as HTML
  Rendering posts/new.html.erb within layouts/application
  Rendered posts/new.html.erb within layouts/application (1.0ms)
Completed 200 OK in 171ms (Views: 147.8ms)


Started GET "/posts/new" for 127.0.0.1 at 2017-12-30 02:31:24 +0530
Processing by PostsController#new as HTML
  Rendering posts/new.html.erb within layouts/application
  Rendered posts/new.html.erb within layouts/application (21.5ms)
Completed 200 OK in 181ms (Views: 154.6ms)


Started POST "/posts" for 127.0.0.1 at 2017-12-30 02:31:31 +0530
Processing by PostsController#create as HTML
  Parameters: {"utf8"=>"✓", "authenticity_token"=>"uu8ipUGcrBrVxsV44jSnOUZEzKD1QP6zA16IVhYDTE2tRfrtoZv2biAoni9Ug2CFkDfPPKqqTkCmly/Sfz9lUw==", "post"=>{"title"=>"hi", "body"=>"hi"}, "commit"=>"Save Post"}
  Rendering text template
  Rendered text template (0.0ms)
Completed 200 OK in 5ms (Views: 4.0ms)


  [1m[35m (0.5ms)[0m  [1m[34mSELECT sqlite_version(*)[0m
  [1m[35m (153.8ms)[0m  [1m[35mCREATE TABLE "schema_migrations" ("version" varchar NOT NULL PRIMARY KEY)[0m
  [1m[35m (84.1ms)[0m  [1m[35mCREATE TABLE "ar_internal_metadata" ("key" varchar NOT NULL PRIMARY KEY, "value" varchar, "created_at" datetime NOT NULL, "updated_at" datetime NOT NULL)[0m
  [1m[35m (0.0ms)[0m  [1m[34mSELECT "schema_migrations"."version" FROM "schema_migrations" ORDER BY "schema_migrations"."version" ASC[0m
Migrating to CreatePosts (20171229210339)
  [1m[35m (0.0ms)[0m  [1m[36mbegin transaction[0m
  [1m[35m (1.5ms)[0m  [1m[35mCREATE TABLE "posts" ("id" INTEGER PRIMARY KEY AUTOINCREMENT NOT NULL, "title" varchar, "body" text, "created_at" datetime NOT NULL, "updated_at" datetime NOT NULL)[0m
  [1m[35mSQL (0.0ms)[0m  [1m[32mINSERT INTO "schema_migrations" ("version") VALUES (?)[0m  [["version", "20171229210339"]]
  [1m[35m (117.6ms)[0m  [1m[36mcommit transaction[0m
  [1m[36mActiveRecord::InternalMetadata Load (0.5ms)[0m  [1m[34mSELECT  "ar_internal_metadata".* FROM "ar_internal_metadata" WHERE "ar_internal_metadata"."key" = ? LIMIT ?[0m  [["key", "environment"], ["LIMIT", 1]]
  [1m[35m (0.0ms)[0m  [1m[36mbegin transaction[0m
  [1m[35mSQL (1.5ms)[0m  [1m[32mINSERT INTO "ar_internal_metadata" ("key", "value", "created_at", "updated_at") VALUES (?, ?, ?, ?)[0m  [["key", "environment"], ["value", "development"], ["created_at", "2017-12-29 21:05:03.018068"], ["updated_at", "2017-12-29 21:05:03.018068"]]
  [1m[35m (74.6ms)[0m  [1m[36mcommit transaction[0m
  [1m[35m (0.0ms)[0m  [1m[34mSELECT "schema_migrations"."version" FROM "schema_migrations" ORDER BY "schema_migrations"."version" ASC[0m
Started POST "/posts" for 127.0.0.1 at 2017-12-30 02:37:12 +0530
  [1m[35m (0.0ms)[0m  [1m[34mSELECT "schema_migrations"."version" FROM "schema_migrations" ORDER BY "schema_migrations"."version" ASC[0m
Processing by PostsController#create as HTML
  Parameters: {"utf8"=>"✓", "authenticity_token"=>"uu8ipUGcrBrVxsV44jSnOUZEzKD1QP6zA16IVhYDTE2tRfrtoZv2biAoni9Ug2CFkDfPPKqqTkCmly/Sfz9lUw==", "post"=>{"title"=>"hi", "body"=>"hi"}, "commit"=>"Save Post"}
No template found for PostsController#create, rendering head :no_content
Completed 204 No Content in 1218ms (ActiveRecord: 1.0ms)


Started POST "/posts" for 127.0.0.1 at 2017-12-30 02:37:19 +0530
Processing by PostsController#create as HTML
  Parameters: {"utf8"=>"✓", "authenticity_token"=>"uu8ipUGcrBrVxsV44jSnOUZEzKD1QP6zA16IVhYDTE2tRfrtoZv2biAoni9Ug2CFkDfPPKqqTkCmly/Sfz9lUw==", "post"=>{"title"=>"hi", "body"=>"hi"}, "commit"=>"Save Post"}
No template found for PostsController#create, rendering head :no_content
Completed 204 No Content in 1175ms (ActiveRecord: 0.0ms)


Started GET "/posts/new" for 127.0.0.1 at 2017-12-30 02:40:56 +0530
Processing by PostsController#new as HTML
  Rendering posts/new.html.erb within layouts/application
  Rendered posts/new.html.erb within layouts/application (2.0ms)
Completed 200 OK in 172ms (Views: 147.2ms)


Started POST "/posts" for 127.0.0.1 at 2017-12-30 02:41:09 +0530
Processing by PostsController#create as HTML
  Parameters: {"utf8"=>"✓", "authenticity_token"=>"c8rhsu3BiNKOG5nqM3etzqzx4q8fJmLvfGOfZfXrTtBkYDn6DcbSpnv1wr2FwGpyeoLhM0DM0hzZqjjhnNdnzg==", "post"=>{"title"=>"Post one", "body"=>"This is post 1"}, "commit"=>"Save Post"}
  [1m[35m (0.0ms)[0m  [1m[36mbegin transaction[0m
  [1m[35mSQL (70.6ms)[0m  [1m[32mINSERT INTO "posts" ("title", "body", "created_at", "updated_at") VALUES (?, ?, ?, ?)[0m  [["title", "Post one"], ["body", "This is post 1"], ["created_at", "2017-12-29 21:11:09.522094"], ["updated_at", "2017-12-29 21:11:09.522094"]]
  [1m[35m (118.3ms)[0m  [1m[36mcommit transaction[0m
Redirected to http://localhost:3000/posts/1
Completed 302 Found in 212ms (ActiveRecord: 191.4ms)


Started GET "/posts/1" for 127.0.0.1 at 2017-12-30 02:41:09 +0530
Processing by PostsController#show as HTML
  Parameters: {"id"=>"1"}
  [1m[36mPost Load (0.0ms)[0m  [1m[34mSELECT  "posts".* FROM "posts" WHERE "posts"."id" = ? LIMIT ?[0m  [["id", 1], ["LIMIT", 1]]
  Rendering posts/show.html.erb within layouts/application
  Rendered posts/show.html.erb within layouts/application (0.0ms)
Completed 200 OK in 173ms (Views: 136.3ms | ActiveRecord: 0.0ms)


Started GET "/" for 127.0.0.1 at 2017-12-30 02:44:42 +0530
Processing by PostsController#index as HTML
  Rendering posts/index.html.erb within layouts/application
  Rendered posts/index.html.erb within layouts/application (35.0ms)
Completed 500 Internal Server Error in 144ms


  
ActionView::Template::Error (undefined method `each' for nil:NilClass):
    1: <h1>All Blog Posts</h1>
    2: <% @posts.each do |post| %>
    3: 	<h3><%=post.title%></h3>
    4: 	<h3><%=post.body%></h3>
    5: <% end %>
  
app/views/posts/index.html.erb:2:in `_app_views_posts_index_html_erb__846339800_99829116'
Started GET "/" for 127.0.0.1 at 2017-12-30 02:46:45 +0530
Processing by PostsController#index as HTML
  Rendering posts/index.html.erb within layouts/application
  [1m[36mPost Load (1.0ms)[0m  [1m[34mSELECT "posts".* FROM "posts"[0m
  Rendered posts/index.html.erb within layouts/application (12.0ms)
Completed 200 OK in 175ms (Views: 147.3ms | ActiveRecord: 3.0ms)


Started GET "/" for 127.0.0.1 at 2017-12-30 02:47:07 +0530
Processing by PostsController#index as HTML
  Rendering posts/index.html.erb within layouts/application
  [1m[36mPost Load (1.0ms)[0m  [1m[34mSELECT "posts".* FROM "posts"[0m
  Rendered posts/index.html.erb within layouts/application (2.0ms)
Completed 200 OK in 200ms (Views: 166.5ms | ActiveRecord: 1.0ms)


Started GET "/" for 127.0.0.1 at 2017-12-30 02:47:26 +0530
Processing by PostsController#index as HTML
  Rendering posts/index.html.erb within layouts/application
  [1m[36mPost Load (1.0ms)[0m  [1m[34mSELECT "posts".* FROM "posts"[0m
  Rendered posts/index.html.erb within layouts/application (1.0ms)
Completed 200 OK in 162ms (Views: 133.6ms | ActiveRecord: 1.0ms)


Started GET "/" for 127.0.0.1 at 2017-12-30 02:51:03 +0530
Processing by PostsController#index as HTML
  Rendering posts/index.html.erb within layouts/application
  [1m[36mPost Load (1.0ms)[0m  [1m[34mSELECT "posts".* FROM "posts"[0m
  Rendered posts/index.html.erb within layouts/application (2.0ms)
Completed 200 OK in 155ms (Views: 129.4ms | ActiveRecord: 1.0ms)


Started GET "/" for 127.0.0.1 at 2017-12-30 02:54:48 +0530
Processing by PostsController#index as HTML
  Rendering posts/index.html.erb within layouts/application
  [1m[36mPost Load (1.0ms)[0m  [1m[34mSELECT "posts".* FROM "posts"[0m
  Rendered posts/index.html.erb within layouts/application (2.0ms)
Completed 200 OK in 163ms (Views: 136.6ms | ActiveRecord: 1.0ms)


Started GET "/" for 127.0.0.1 at 2017-12-30 02:57:24 +0530
Processing by PostsController#index as HTML
  Rendering posts/index.html.erb within layouts/application
  [1m[36mPost Load (0.0ms)[0m  [1m[34mSELECT "posts".* FROM "posts"[0m
  Rendered posts/index.html.erb within layouts/application (2.0ms)
Completed 200 OK in 158ms (Views: 134.0ms | ActiveRecord: 0.0ms)


Started GET "/" for 127.0.0.1 at 2017-12-30 02:57:41 +0530
Processing by PostsController#index as HTML
  Rendering posts/index.html.erb within layouts/application
  [1m[36mPost Load (0.5ms)[0m  [1m[34mSELECT "posts".* FROM "posts"[0m
  Rendered posts/index.html.erb within layouts/application (2.0ms)
Completed 200 OK in 179ms (Views: 146.0ms | ActiveRecord: 0.5ms)


Started GET "/" for 127.0.0.1 at 2017-12-30 03:00:56 +0530
Processing by PostsController#index as HTML
  Rendering posts/index.html.erb within layouts/application
  [1m[36mPost Load (1.0ms)[0m  [1m[34mSELECT "posts".* FROM "posts"[0m
  Rendered posts/index.html.erb within layouts/application (3.0ms)
Completed 200 OK in 181ms (Views: 151.9ms | ActiveRecord: 1.0ms)


Started GET "/" for 127.0.0.1 at 2017-12-30 03:02:11 +0530
Processing by PostsController#index as HTML
  Rendering posts/index.html.erb within layouts/application
  [1m[36mPost Load (1.0ms)[0m  [1m[34mSELECT "posts".* FROM "posts"[0m
  Rendered posts/index.html.erb within layouts/application (3.0ms)
Completed 200 OK in 181ms (Views: 151.8ms | ActiveRecord: 1.0ms)


Started GET "/" for 127.0.0.1 at 2017-12-30 03:02:25 +0530
Processing by PostsController#index as HTML
  Rendering posts/index.html.erb within layouts/application
  [1m[36mPost Load (0.0ms)[0m  [1m[34mSELECT "posts".* FROM "posts"[0m
  Rendered posts/index.html.erb within layouts/application (2.0ms)
Completed 200 OK in 167ms (Views: 137.5ms | ActiveRecord: 0.0ms)


Started GET "/" for 127.0.0.1 at 2017-12-30 03:02:27 +0530
Processing by PostsController#index as HTML
  Rendering posts/index.html.erb within layouts/application
  [1m[36mPost Load (0.5ms)[0m  [1m[34mSELECT "posts".* FROM "posts"[0m
  Rendered posts/index.html.erb within layouts/application (2.0ms)
Completed 200 OK in 152ms (Views: 127.3ms | ActiveRecord: 0.5ms)


Started GET "/" for 127.0.0.1 at 2017-12-30 03:03:47 +0530
Processing by PostsController#index as HTML
  Rendering posts/index.html.erb within layouts/application
  [1m[36mPost Load (1.0ms)[0m  [1m[34mSELECT "posts".* FROM "posts"[0m
  Rendered posts/index.html.erb within layouts/application (2.0ms)
Completed 200 OK in 163ms (Views: 138.5ms | ActiveRecord: 1.0ms)


Started GET "/" for 127.0.0.1 at 2017-12-30 03:04:12 +0530
Processing by PostsController#index as HTML
  Rendering posts/index.html.erb within layouts/application
  [1m[36mPost Load (0.0ms)[0m  [1m[34mSELECT "posts".* FROM "posts"[0m
  Rendered posts/index.html.erb within layouts/application (2.0ms)
Completed 200 OK in 161ms (Views: 136.4ms | ActiveRecord: 0.0ms)


Started GET "/" for 127.0.0.1 at 2017-12-30 03:04:32 +0530
Processing by PostsController#index as HTML
  Rendering posts/index.html.erb within layouts/application
  [1m[36mPost Load (0.0ms)[0m  [1m[34mSELECT "posts".* FROM "posts"[0m
  Rendered posts/index.html.erb within layouts/application (1.0ms)
Completed 200 OK in 164ms (Views: 140.4ms | ActiveRecord: 0.0ms)


Started GET "/" for 127.0.0.1 at 2017-12-30 03:04:43 +0530
Processing by PostsController#index as HTML
  Rendering posts/index.html.erb within layouts/application
  [1m[36mPost Load (1.0ms)[0m  [1m[34mSELECT "posts".* FROM "posts"[0m
  Rendered posts/index.html.erb within layouts/application (2.0ms)
Completed 200 OK in 171ms (Views: 142.5ms | ActiveRecord: 1.0ms)


Started GET "/" for 127.0.0.1 at 2017-12-30 03:04:58 +0530
Processing by PostsController#index as HTML
  Rendering posts/index.html.erb within layouts/application
  [1m[36mPost Load (1.0ms)[0m  [1m[34mSELECT "posts".* FROM "posts"[0m
  Rendered posts/index.html.erb within layouts/application (2.0ms)
Completed 200 OK in 191ms (Views: 157.5ms | ActiveRecord: 1.0ms)


Started GET "/" for 127.0.0.1 at 2017-12-30 03:05:09 +0530
Processing by PostsController#index as HTML
  Rendering posts/index.html.erb within layouts/application
  [1m[36mPost Load (1.0ms)[0m  [1m[34mSELECT "posts".* FROM "posts"[0m
  Rendered posts/index.html.erb within layouts/application (2.0ms)
Completed 200 OK in 160ms (Views: 134.5ms | ActiveRecord: 1.0ms)


Started GET "/" for 127.0.0.1 at 2017-12-30 03:05:18 +0530
Processing by PostsController#index as HTML
  Rendering posts/index.html.erb within layouts/application
  [1m[36mPost Load (0.0ms)[0m  [1m[34mSELECT "posts".* FROM "posts"[0m
  Rendered posts/index.html.erb within layouts/application (2.0ms)
Completed 200 OK in 163ms (Views: 132.0ms | ActiveRecord: 0.0ms)


Started GET "/" for 127.0.0.1 at 2017-12-30 03:05:28 +0530
Processing by PostsController#index as HTML
  Rendering posts/index.html.erb within layouts/application
  [1m[36mPost Load (1.0ms)[0m  [1m[34mSELECT "posts".* FROM "posts"[0m
  Rendered posts/index.html.erb within layouts/application (2.0ms)
Completed 200 OK in 177ms (Views: 147.0ms | ActiveRecord: 1.0ms)


Started GET "/" for 127.0.0.1 at 2017-12-30 03:05:33 +0530
Processing by PostsController#index as HTML
  Rendering posts/index.html.erb within layouts/application
  [1m[36mPost Load (1.0ms)[0m  [1m[34mSELECT "posts".* FROM "posts"[0m
  Rendered posts/index.html.erb within layouts/application (2.0ms)
Completed 200 OK in 186ms (Views: 156.5ms | ActiveRecord: 1.0ms)


Started GET "/" for 127.0.0.1 at 2017-12-30 03:05:39 +0530
Processing by PostsController#index as HTML
  Rendering posts/index.html.erb within layouts/application
  [1m[36mPost Load (1.0ms)[0m  [1m[34mSELECT "posts".* FROM "posts"[0m
  Rendered posts/index.html.erb within layouts/application (2.0ms)
Completed 200 OK in 162ms (Views: 132.2ms | ActiveRecord: 1.0ms)


Started GET "/" for 127.0.0.1 at 2017-12-30 03:05:48 +0530
Processing by PostsController#index as HTML
  Rendering posts/index.html.erb within layouts/application
  [1m[36mPost Load (0.0ms)[0m  [1m[34mSELECT "posts".* FROM "posts"[0m
  Rendered posts/index.html.erb within layouts/application (2.0ms)
Completed 200 OK in 178ms (Views: 137.1ms | ActiveRecord: 0.0ms)


Started GET "/" for 127.0.0.1 at 2017-12-30 03:07:22 +0530
Processing by PostsController#index as HTML
  Rendering posts/index.html.erb within layouts/application
  [1m[36mPost Load (0.5ms)[0m  [1m[34mSELECT "posts".* FROM "posts"[0m
  Rendered posts/index.html.erb within layouts/application (2.0ms)
Completed 200 OK in 165ms (Views: 137.5ms | ActiveRecord: 0.5ms)


Started GET "/" for 127.0.0.1 at 2017-12-30 03:08:25 +0530
Processing by PostsController#index as HTML
  Rendering posts/index.html.erb within layouts/application
  [1m[36mPost Load (0.0ms)[0m  [1m[34mSELECT "posts".* FROM "posts"[0m
  Rendered posts/index.html.erb within layouts/application (2.0ms)
Completed 200 OK in 170ms (Views: 142.6ms | ActiveRecord: 0.0ms)


Started GET "/" for 127.0.0.1 at 2017-12-30 03:15:42 +0530
  
SyntaxError (C:/Sites/simpleBlog/config/routes.rb:7: syntax error, unexpected ':', expecting keyword_end
  resources: posts
            ^):
  
config/routes.rb:7: syntax error, unexpected ':', expecting keyword_end
Started GET "/" for 127.0.0.1 at 2017-12-30 03:16:30 +0530
  
SyntaxError (C:/Sites/simpleBlog/config/routes.rb:7: syntax error, unexpected ':', expecting keyword_end
  resources: posts
            ^):
  
config/routes.rb:7: syntax error, unexpected ':', expecting keyword_end
Started GET "/" for 127.0.0.1 at 2017-12-30 03:17:09 +0530
Processing by PostsController#index as HTML
  Rendering posts/index.html.erb within layouts/application
  [1m[36mPost Load (0.5ms)[0m  [1m[34mSELECT "posts".* FROM "posts"[0m
  Rendered posts/index.html.erb within layouts/application (22.0ms)
Completed 200 OK in 195ms (Views: 163.6ms | ActiveRecord: 2.0ms)


Started GET "/" for 127.0.0.1 at 2017-12-30 03:17:16 +0530
Processing by PostsController#index as HTML
  Rendering posts/index.html.erb within layouts/application
  [1m[36mPost Load (0.5ms)[0m  [1m[34mSELECT "posts".* FROM "posts"[0m
  Rendered posts/index.html.erb within layouts/application (1.5ms)
Completed 200 OK in 154ms (Views: 128.0ms | ActiveRecord: 0.5ms)


Started GET "/" for 127.0.0.1 at 2017-12-30 03:17:18 +0530
Processing by PostsController#index as HTML
  Rendering posts/index.html.erb within layouts/application
  [1m[36mPost Load (0.5ms)[0m  [1m[34mSELECT "posts".* FROM "posts"[0m
  Rendered posts/index.html.erb within layouts/application (2.5ms)
Completed 200 OK in 169ms (Views: 139.3ms | ActiveRecord: 0.5ms)


Started GET "/posts/new" for 127.0.0.1 at 2017-12-30 03:17:19 +0530
Processing by PostsController#new as HTML
  Rendering posts/new.html.erb within layouts/application
  Rendered posts/new.html.erb within layouts/application (0.0ms)
Completed 200 OK in 162ms (Views: 144.5ms | ActiveRecord: 0.0ms)


Started GET "/" for 127.0.0.1 at 2017-12-30 03:17:22 +0530
Processing by PostsController#index as HTML
  Rendering posts/index.html.erb within layouts/application
  [1m[36mPost Load (0.0ms)[0m  [1m[34mSELECT "posts".* FROM "posts"[0m
  Rendered posts/index.html.erb within layouts/application (0.0ms)
Completed 200 OK in 157ms (Views: 130.3ms | ActiveRecord: 0.0ms)


Started GET "/" for 127.0.0.1 at 2017-12-30 03:19:53 +0530
Processing by PostsController#index as HTML
  Rendering posts/index.html.erb within layouts/application
  [1m[36mPost Load (0.5ms)[0m  [1m[34mSELECT "posts".* FROM "posts"[0m
  Rendered posts/index.html.erb within layouts/application (2.5ms)
Completed 200 OK in 158ms (Views: 129.1ms | ActiveRecord: 0.5ms)


Started GET "/" for 127.0.0.1 at 2017-12-30 03:20:08 +0530
Processing by PostsController#index as HTML
  Rendering posts/index.html.erb within layouts/application
  [1m[36mPost Load (0.0ms)[0m  [1m[34mSELECT "posts".* FROM "posts"[0m
  Rendered posts/index.html.erb within layouts/application (2.0ms)
Completed 200 OK in 175ms (Views: 147.6ms | ActiveRecord: 0.0ms)


Started GET "/" for 127.0.0.1 at 2017-12-30 03:20:12 +0530
Processing by PostsController#index as HTML
  Rendering posts/index.html.erb within layouts/application
  [1m[36mPost Load (0.0ms)[0m  [1m[34mSELECT "posts".* FROM "posts"[0m
  Rendered posts/index.html.erb within layouts/application (0.0ms)
Completed 200 OK in 167ms (Views: 133.5ms | ActiveRecord: 0.0ms)


Started GET "/" for 127.0.0.1 at 2017-12-30 03:20:14 +0530
Processing by PostsController#index as HTML
  Rendering posts/index.html.erb within layouts/application
  [1m[36mPost Load (0.0ms)[0m  [1m[34mSELECT "posts".* FROM "posts"[0m
  Rendered posts/index.html.erb within layouts/application (0.0ms)
Completed 200 OK in 179ms (Views: 154.7ms | ActiveRecord: 0.0ms)


Started GET "/" for 127.0.0.1 at 2017-12-30 03:23:05 +0530
Processing by PostsController#index as HTML
  Rendering posts/index.html.erb within layouts/application
  [1m[36mPost Load (0.0ms)[0m  [1m[34mSELECT "posts".* FROM "posts"[0m
  Rendered posts/index.html.erb within layouts/application (2.0ms)
Completed 200 OK in 165ms (Views: 140.5ms | ActiveRecord: 0.0ms)


Started GET "/" for 127.0.0.1 at 2017-12-30 03:23:07 +0530
Processing by PostsController#index as HTML
  Rendering posts/index.html.erb within layouts/application
  [1m[36mPost Load (0.0ms)[0m  [1m[34mSELECT "posts".* FROM "posts"[0m
  Rendered posts/index.html.erb within layouts/application (0.0ms)
Completed 200 OK in 139ms (Views: 122.0ms | ActiveRecord: 0.0ms)


Started GET "/" for 127.0.0.1 at 2017-12-30 03:23:24 +0530
Processing by PostsController#index as HTML
  Rendering posts/index.html.erb within layouts/application
  [1m[36mPost Load (0.0ms)[0m  [1m[34mSELECT "posts".* FROM "posts"[0m
  Rendered posts/index.html.erb within layouts/application (2.0ms)
Completed 200 OK in 172ms (Views: 142.0ms | ActiveRecord: 0.0ms)


Started GET "/" for 127.0.0.1 at 2017-12-30 03:23:48 +0530
Processing by PostsController#index as HTML
  Rendering posts/index.html.erb within layouts/application
  [1m[36mPost Load (0.5ms)[0m  [1m[34mSELECT "posts".* FROM "posts"[0m
  Rendered posts/index.html.erb within layouts/application (2.0ms)
Completed 200 OK in 161ms (Views: 137.2ms | ActiveRecord: 0.5ms)


Started GET "/" for 127.0.0.1 at 2017-12-30 03:23:50 +0530
Processing by PostsController#index as HTML
  Rendering posts/index.html.erb within layouts/application
  [1m[36mPost Load (0.5ms)[0m  [1m[34mSELECT "posts".* FROM "posts"[0m
  Rendered posts/index.html.erb within layouts/application (1.5ms)
Completed 200 OK in 167ms (Views: 139.8ms | ActiveRecord: 0.5ms)


Started GET "/" for 127.0.0.1 at 2017-12-30 03:24:01 +0530
Processing by PostsController#index as HTML
  Rendering posts/index.html.erb within layouts/application
  [1m[36mPost Load (0.0ms)[0m  [1m[34mSELECT "posts".* FROM "posts"[0m
  Rendered posts/index.html.erb within layouts/application (1.0ms)
Completed 200 OK in 165ms (Views: 136.7ms | ActiveRecord: 0.0ms)


Started GET "/" for 127.0.0.1 at 2017-12-30 21:06:58 +0530
Processing by PostsController#index as HTML
  Rendering posts/index.html.erb within layouts/application
  [1m[36mPost Load (0.5ms)[0m  [1m[34mSELECT "posts".* FROM "posts"[0m
  Rendered posts/index.html.erb within layouts/application (3.0ms)
Completed 200 OK in 217ms (Views: 192.7ms | ActiveRecord: 0.5ms)


Started GET "/" for 127.0.0.1 at 2017-12-30 21:07:01 +0530
Processing by PostsController#index as HTML
  Rendering posts/index.html.erb within layouts/application
  [1m[36mPost Load (0.0ms)[0m  [1m[34mSELECT "posts".* FROM "posts"[0m
  Rendered posts/index.html.erb within layouts/application (0.0ms)
Completed 200 OK in 194ms (Views: 165.2ms | ActiveRecord: 0.0ms)


Started GET "/" for 127.0.0.1 at 2017-12-30 21:07:24 +0530
Processing by PostsController#index as HTML
  Rendering posts/index.html.erb within layouts/application
  [1m[36mPost Load (0.0ms)[0m  [1m[34mSELECT "posts".* FROM "posts"[0m
  Rendered posts/index.html.erb within layouts/application (2.0ms)
Completed 200 OK in 194ms (Views: 160.9ms | ActiveRecord: 0.0ms)


Started GET "/" for 127.0.0.1 at 2017-12-30 21:09:34 +0530
Processing by PostsController#index as HTML
  Rendering posts/index.html.erb within layouts/application
  [1m[36mPost Load (0.5ms)[0m  [1m[34mSELECT "posts".* FROM "posts"[0m
  Rendered posts/index.html.erb within layouts/application (3.0ms)
Completed 200 OK in 172ms (Views: 146.2ms | ActiveRecord: 0.5ms)


Started GET "/" for 127.0.0.1 at 2017-12-30 21:09:58 +0530
Processing by PostsController#index as HTML
  Rendering posts/index.html.erb within layouts/application
  [1m[36mPost Load (1.0ms)[0m  [1m[34mSELECT "posts".* FROM "posts"[0m
  Rendered posts/index.html.erb within layouts/application (2.0ms)
Completed 200 OK in 166ms (Views: 141.0ms | ActiveRecord: 1.0ms)


Started GET "/" for 127.0.0.1 at 2017-12-30 21:10:52 +0530
Processing by PostsController#index as HTML
  Rendering posts/index.html.erb within layouts/application
  [1m[36mPost Load (0.0ms)[0m  [1m[34mSELECT "posts".* FROM "posts"[0m
  Rendered posts/index.html.erb within layouts/application (3.0ms)
Completed 200 OK in 182ms (Views: 151.7ms | ActiveRecord: 0.0ms)


Started GET "/" for 127.0.0.1 at 2017-12-30 21:11:36 +0530
Processing by PostsController#index as HTML
  Rendering posts/index.html.erb within layouts/application
  [1m[36mPost Load (1.0ms)[0m  [1m[34mSELECT "posts".* FROM "posts"[0m
  Rendered posts/index.html.erb within layouts/application (3.0ms)
Completed 200 OK in 219ms (Views: 185.6ms | ActiveRecord: 1.0ms)


Started GET "/" for 127.0.0.1 at 2017-12-30 21:11:39 +0530
Processing by PostsController#index as HTML
  Rendering posts/index.html.erb within layouts/application
  [1m[36mPost Load (0.0ms)[0m  [1m[34mSELECT "posts".* FROM "posts"[0m
  Rendered posts/index.html.erb within layouts/application (0.0ms)
Completed 200 OK in 149ms (Views: 128.8ms | ActiveRecord: 0.0ms)


Started GET "/" for 127.0.0.1 at 2017-12-30 21:11:40 +0530
Processing by PostsController#index as HTML
  Rendering posts/index.html.erb within layouts/application
  [1m[36mPost Load (0.0ms)[0m  [1m[34mSELECT "posts".* FROM "posts"[0m
  Rendered posts/index.html.erb within layouts/application (3.0ms)
Completed 200 OK in 172ms (Views: 139.2ms | ActiveRecord: 0.0ms)


Started GET "/" for 127.0.0.1 at 2017-12-30 21:11:59 +0530
Processing by PostsController#index as HTML
  Rendering posts/index.html.erb within layouts/application
  [1m[36mPost Load (0.5ms)[0m  [1m[34mSELECT "posts".* FROM "posts"[0m
  Rendered posts/index.html.erb within layouts/application (2.5ms)
Completed 200 OK in 247ms (Views: 212.3ms | ActiveRecord: 0.5ms)


Started GET "/posts/new" for 127.0.0.1 at 2017-12-30 21:12:03 +0530
Processing by PostsController#new as HTML
  Rendering posts/new.html.erb within layouts/application
  Rendered posts/new.html.erb within layouts/application (0.0ms)
Completed 200 OK in 178ms (Views: 140.9ms | ActiveRecord: 0.0ms)


Started GET "/" for 127.0.0.1 at 2017-12-30 21:12:05 +0530
Processing by PostsController#index as HTML
  Rendering posts/index.html.erb within layouts/application
  [1m[36mPost Load (0.0ms)[0m  [1m[34mSELECT "posts".* FROM "posts"[0m
  Rendered posts/index.html.erb within layouts/application (2.0ms)
Completed 200 OK in 195ms (Views: 176.6ms | ActiveRecord: 0.0ms)


Started GET "/" for 127.0.0.1 at 2017-12-30 21:12:15 +0530
Processing by PostsController#index as HTML
  Rendering posts/index.html.erb within layouts/application
  [1m[36mPost Load (0.0ms)[0m  [1m[34mSELECT "posts".* FROM "posts"[0m
  Rendered posts/index.html.erb within layouts/application (2.0ms)
Completed 200 OK in 224ms (Views: 187.4ms | ActiveRecord: 0.0ms)


Started GET "/" for 127.0.0.1 at 2017-12-30 21:12:43 +0530
Processing by PostsController#index as HTML
  Rendering posts/index.html.erb within layouts/application
  [1m[36mPost Load (1.0ms)[0m  [1m[34mSELECT "posts".* FROM "posts"[0m
  Rendered posts/index.html.erb within layouts/application (3.0ms)
Completed 200 OK in 162ms (Views: 136.3ms | ActiveRecord: 1.0ms)


Started GET "/" for 127.0.0.1 at 2017-12-30 21:13:11 +0530
Processing by PostsController#index as HTML
  Rendering posts/index.html.erb within layouts/application
  [1m[36mPost Load (0.0ms)[0m  [1m[34mSELECT "posts".* FROM "posts"[0m
  Rendered posts/index.html.erb within layouts/application (2.0ms)
Completed 200 OK in 312ms (Views: 281.0ms | ActiveRecord: 0.0ms)


Started GET "/" for 127.0.0.1 at 2017-12-30 21:13:18 +0530
Processing by PostsController#index as HTML
  Rendering posts/index.html.erb within layouts/application
  [1m[36mPost Load (0.5ms)[0m  [1m[34mSELECT "posts".* FROM "posts"[0m
  Rendered posts/index.html.erb within layouts/application (2.0ms)
Completed 200 OK in 238ms (Views: 193.4ms | ActiveRecord: 0.5ms)


Started GET "/" for 127.0.0.1 at 2017-12-30 21:13:20 +0530
Processing by PostsController#index as HTML
  Rendering posts/index.html.erb within layouts/application
  [1m[36mPost Load (0.0ms)[0m  [1m[34mSELECT "posts".* FROM "posts"[0m
  Rendered posts/index.html.erb within layouts/application (2.0ms)
Completed 200 OK in 197ms (Views: 155.3ms | ActiveRecord: 0.0ms)


Started GET "/posts/new" for 127.0.0.1 at 2017-12-30 21:13:21 +0530
Processing by PostsController#new as HTML
  Rendering posts/new.html.erb within layouts/application
  Rendered posts/new.html.erb within layouts/application (0.0ms)
Completed 200 OK in 185ms (Views: 158.3ms | ActiveRecord: 0.0ms)


Started GET "/" for 127.0.0.1 at 2017-12-30 21:13:24 +0530
Processing by PostsController#index as HTML
  Rendering posts/index.html.erb within layouts/application
  [1m[36mPost Load (0.0ms)[0m  [1m[34mSELECT "posts".* FROM "posts"[0m
  Rendered posts/index.html.erb within layouts/application (0.0ms)
Completed 200 OK in 182ms (Views: 150.5ms | ActiveRecord: 0.0ms)


Started GET "/" for 127.0.0.1 at 2017-12-30 21:14:00 +0530
Processing by PostsController#index as HTML
  Rendering posts/index.html.erb within layouts/application
  [1m[36mPost Load (1.0ms)[0m  [1m[34mSELECT "posts".* FROM "posts"[0m
  Rendered posts/index.html.erb within layouts/application (2.0ms)
Completed 200 OK in 186ms (Views: 158.6ms | ActiveRecord: 1.0ms)


Started GET "/" for 127.0.0.1 at 2017-12-30 21:14:08 +0530
Processing by PostsController#index as HTML
  Rendering posts/index.html.erb within layouts/application
  [1m[36mPost Load (1.0ms)[0m  [1m[34mSELECT "posts".* FROM "posts"[0m
  Rendered posts/index.html.erb within layouts/application (2.0ms)
Completed 200 OK in 179ms (Views: 147.2ms | ActiveRecord: 1.0ms)


Started GET "/" for 127.0.0.1 at 2017-12-30 21:14:13 +0530
Processing by PostsController#index as HTML
  Rendering posts/index.html.erb within layouts/application
  [1m[36mPost Load (1.0ms)[0m  [1m[34mSELECT "posts".* FROM "posts"[0m
  Rendered posts/index.html.erb within layouts/application (2.0ms)
Completed 200 OK in 190ms (Views: 156.4ms | ActiveRecord: 1.0ms)


Started GET "/" for 127.0.0.1 at 2017-12-30 21:14:46 +0530
Processing by PostsController#index as HTML
  Rendering posts/index.html.erb within layouts/application
  [1m[36mPost Load (1.0ms)[0m  [1m[34mSELECT "posts".* FROM "posts"[0m
  Rendered posts/index.html.erb within layouts/application (4.0ms)
Completed 200 OK in 219ms (Views: 190.5ms | ActiveRecord: 1.0ms)


Started GET "/" for 127.0.0.1 at 2017-12-30 21:15:43 +0530
Processing by PostsController#index as HTML
  Rendering posts/index.html.erb within layouts/application
  [1m[36mPost Load (1.0ms)[0m  [1m[34mSELECT "posts".* FROM "posts"[0m
  Rendered posts/index.html.erb within layouts/application (2.0ms)
Completed 200 OK in 160ms (Views: 129.5ms | ActiveRecord: 1.0ms)


Started GET "/" for 127.0.0.1 at 2017-12-30 21:19:18 +0530
Processing by PostsController#index as HTML
  Rendering posts/index.html.erb within layouts/application
  [1m[36mPost Load (1.0ms)[0m  [1m[34mSELECT "posts".* FROM "posts"[0m
  Rendered posts/index.html.erb within layouts/application (2.0ms)
Completed 200 OK in 195ms (Views: 164.5ms | ActiveRecord: 1.0ms)


Started GET "/" for 127.0.0.1 at 2017-12-30 21:20:50 +0530
Processing by PostsController#index as HTML
  Rendering posts/index.html.erb within layouts/application
  [1m[36mPost Load (0.5ms)[0m  [1m[34mSELECT "posts".* FROM "posts"[0m
  Rendered posts/index.html.erb within layouts/application (3.5ms)
Completed 200 OK in 211ms (Views: 180.7ms | ActiveRecord: 0.5ms)


Started GET "/" for 127.0.0.1 at 2017-12-30 21:21:00 +0530
Processing by PostsController#index as HTML
  Rendering posts/index.html.erb within layouts/application
  [1m[36mPost Load (1.0ms)[0m  [1m[34mSELECT "posts".* FROM "posts"[0m
  Rendered posts/index.html.erb within layouts/application (2.0ms)
Completed 200 OK in 181ms (Views: 150.5ms | ActiveRecord: 1.0ms)


Started GET "/" for 127.0.0.1 at 2017-12-30 21:22:23 +0530
Processing by PostsController#index as HTML
  Rendering posts/index.html.erb within layouts/application
  [1m[36mPost Load (0.0ms)[0m  [1m[34mSELECT "posts".* FROM "posts"[0m
  Rendered posts/index.html.erb within layouts/application (2.0ms)
Completed 200 OK in 160ms (Views: 135.3ms | ActiveRecord: 0.0ms)


Started GET "/posts/new" for 127.0.0.1 at 2017-12-30 21:22:30 +0530
Processing by PostsController#new as HTML
  Rendering posts/new.html.erb within layouts/application
  Rendered posts/new.html.erb within layouts/application (0.0ms)
Completed 200 OK in 168ms (Views: 134.4ms | ActiveRecord: 0.0ms)


Started POST "/posts" for 127.0.0.1 at 2017-12-30 21:24:34 +0530
Processing by PostsController#create as HTML
  Parameters: {"utf8"=>"✓", "authenticity_token"=>"6j/+/mYiIb+aN29/tikcj4XkkkdCH06Otci7MjuVDz63Jzo61MzxXvYcj2wnnvf14zROFZto9zvnfOlpMRsS1Q==", "post"=>{"title"=>"Post two", "body"=>"Post two"}, "commit"=>"Save Post"}
  [1m[35m (1.0ms)[0m  [1m[36mbegin transaction[0m
  [1m[35mSQL (2.0ms)[0m  [1m[32mINSERT INTO "posts" ("title", "body", "created_at", "updated_at") VALUES (?, ?, ?, ?)[0m  [["title", "Post two"], ["body", "Post two"], ["created_at", "2017-12-30 15:54:34.666353"], ["updated_at", "2017-12-30 15:54:34.666353"]]
  [1m[35m (91.1ms)[0m  [1m[36mcommit transaction[0m
Redirected to http://localhost:3000/posts/2
Completed 302 Found in 105ms (ActiveRecord: 94.1ms)


Started GET "/posts/2" for 127.0.0.1 at 2017-12-30 21:24:34 +0530
Processing by PostsController#show as HTML
  Parameters: {"id"=>"2"}
  [1m[36mPost Load (1.0ms)[0m  [1m[34mSELECT  "posts".* FROM "posts" WHERE "posts"."id" = ? LIMIT ?[0m  [["id", 2], ["LIMIT", 1]]
  Rendering posts/show.html.erb within layouts/application
  Rendered posts/show.html.erb within layouts/application (1.0ms)
Completed 200 OK in 223ms (Views: 167.7ms | ActiveRecord: 1.0ms)


Started GET "/" for 127.0.0.1 at 2017-12-30 21:24:37 +0530
Processing by PostsController#index as HTML
  Rendering posts/index.html.erb within layouts/application
  [1m[36mPost Load (0.0ms)[0m  [1m[34mSELECT "posts".* FROM "posts"[0m
  Rendered posts/index.html.erb within layouts/application (0.0ms)
Completed 200 OK in 178ms (Views: 151.8ms | ActiveRecord: 0.0ms)


Started GET "/" for 127.0.0.1 at 2017-12-30 21:28:38 +0530
Processing by PostsController#index as HTML
  Rendering posts/index.html.erb within layouts/application
  [1m[36mPost Load (1.0ms)[0m  [1m[34mSELECT "posts".* FROM "posts"[0m
  Rendered posts/index.html.erb within layouts/application (2.0ms)
Completed 200 OK in 193ms (Views: 152.2ms | ActiveRecord: 1.0ms)


Started GET "/posts/new" for 127.0.0.1 at 2017-12-30 21:28:41 +0530
Processing by PostsController#new as HTML
  Rendering posts/new.html.erb within layouts/application
  Rendered posts/new.html.erb within layouts/application (0.0ms)
Completed 500 Internal Server Error in 115ms (ActiveRecord: 0.0ms)


  
SyntaxError (C:/Sites/simpleBlog/app/views/posts/new.html.erb:5: syntax error, unexpected ',', expecting ')'
....append=( f.text_field (:title,{:class => 'form-control'}) )...
...                               ^
C:/Sites/simpleBlog/app/views/posts/new.html.erb:5: syntax error, unexpected '}', expecting ')'
...itle,{:class => 'form-control'}) );@output_buffer.safe_appen...
...                               ^
C:/Sites/simpleBlog/app/views/posts/new.html.erb:10: syntax error, unexpected ',', expecting ')'
...er.append=( f.text_area (:body,{:class=> 'form-control'}) );...
...                               ^
C:/Sites/simpleBlog/app/views/posts/new.html.erb:10: syntax error, unexpected '}', expecting ')'
...:body,{:class=> 'form-control'}) );@output_buffer.safe_appen...
...                               ^
C:/Sites/simpleBlog/app/views/posts/new.html.erb:16: syntax error, unexpected keyword_end, expecting ')'
'.freeze; end ;
             ^
C:/Sites/simpleBlog/app/views/posts/new.html.erb:18: syntax error, unexpected keyword_ensure, expecting ')'
C:/Sites/simpleBlog/app/views/posts/new.html.erb:20: syntax error, unexpected keyword_end, expecting ')'):
  
app/views/posts/new.html.erb:5: syntax error, unexpected ',', expecting ')'
app/views/posts/new.html.erb:5: syntax error, unexpected '}', expecting ')'
app/views/posts/new.html.erb:10: syntax error, unexpected ',', expecting ')'
app/views/posts/new.html.erb:10: syntax error, unexpected '}', expecting ')'
app/views/posts/new.html.erb:16: syntax error, unexpected keyword_end, expecting ')'
app/views/posts/new.html.erb:18: syntax error, unexpected keyword_ensure, expecting ')'
app/views/posts/new.html.erb:20: syntax error, unexpected keyword_end, expecting ')'
Started GET "/posts/new" for 127.0.0.1 at 2017-12-30 21:29:56 +0530
Processing by PostsController#new as HTML
  Rendering posts/new.html.erb within layouts/application
  Rendered posts/new.html.erb within layouts/application (1.0ms)
Completed 500 Internal Server Error in 110ms (ActiveRecord: 0.0ms)


  
SyntaxError (C:/Sites/simpleBlog/app/views/posts/new.html.erb:5: syntax error, unexpected ',', expecting ')'
....append=( f.text_field (:title,{:class => 'form-control'}) )...
...                               ^
C:/Sites/simpleBlog/app/views/posts/new.html.erb:5: syntax error, unexpected '}', expecting ')'
...itle,{:class => 'form-control'}) );@output_buffer.safe_appen...
...                               ^
C:/Sites/simpleBlog/app/views/posts/new.html.erb:10: syntax error, unexpected ',', expecting ')'
...er.append=( f.text_area (:body,{:class => 'form-control'}) )...
...                               ^
C:/Sites/simpleBlog/app/views/posts/new.html.erb:10: syntax error, unexpected '}', expecting ')'
...body,{:class => 'form-control'}) );@output_buffer.safe_appen...
...                               ^
C:/Sites/simpleBlog/app/views/posts/new.html.erb:16: syntax error, unexpected keyword_end, expecting ')'
'.freeze; end ;
             ^
C:/Sites/simpleBlog/app/views/posts/new.html.erb:18: syntax error, unexpected keyword_ensure, expecting ')'
C:/Sites/simpleBlog/app/views/posts/new.html.erb:20: syntax error, unexpected keyword_end, expecting ')'):
  
app/views/posts/new.html.erb:5: syntax error, unexpected ',', expecting ')'
app/views/posts/new.html.erb:5: syntax error, unexpected '}', expecting ')'
app/views/posts/new.html.erb:10: syntax error, unexpected ',', expecting ')'
app/views/posts/new.html.erb:10: syntax error, unexpected '}', expecting ')'
app/views/posts/new.html.erb:16: syntax error, unexpected keyword_end, expecting ')'
app/views/posts/new.html.erb:18: syntax error, unexpected keyword_ensure, expecting ')'
app/views/posts/new.html.erb:20: syntax error, unexpected keyword_end, expecting ')'
Started GET "/posts/new" for 127.0.0.1 at 2017-12-30 21:40:28 +0530
Processing by PostsController#new as HTML
  Rendering posts/new.html.erb within layouts/application
  Rendered posts/new.html.erb within layouts/application (2.5ms)
Completed 200 OK in 228ms (Views: 179.8ms | ActiveRecord: 0.0ms)


Started GET "/posts/new" for 127.0.0.1 at 2017-12-30 21:41:25 +0530
Processing by PostsController#new as HTML
  Rendering posts/new.html.erb within layouts/application
  Rendered posts/new.html.erb within layouts/application (2.0ms)
Completed 200 OK in 164ms (Views: 139.9ms | ActiveRecord: 0.0ms)


Started GET "/posts/new" for 127.0.0.1 at 2017-12-30 21:44:45 +0530
  
SyntaxError (C:/Sites/simpleBlog/app/controllers/posts_controller.rb:28: syntax error, unexpected end-of-input, expecting keyword_end):
  
app/controllers/posts_controller.rb:28: syntax error, unexpected end-of-input, expecting keyword_end
Started GET "/posts/new" for 127.0.0.1 at 2017-12-30 21:46:26 +0530
  
SyntaxError (C:/Sites/simpleBlog/app/controllers/posts_controller.rb:30: syntax error, unexpected end-of-input, expecting keyword_end):
  
app/controllers/posts_controller.rb:30: syntax error, unexpected end-of-input, expecting keyword_end
Started GET "/posts/new" for 127.0.0.1 at 2017-12-30 21:47:08 +0530
Processing by PostsController#new as HTML
  Rendering posts/new.html.erb within layouts/application
  Rendered posts/new.html.erb within layouts/application (2.0ms)
Completed 200 OK in 184ms (Views: 149.0ms)


Started POST "/posts" for 127.0.0.1 at 2017-12-30 21:47:10 +0530
Processing by PostsController#create as HTML
  Parameters: {"utf8"=>"✓", "authenticity_token"=>"jXUtskGO36idYbCngqNjfOs9VfGW/PEmb5fHdlj82Caa3/X6oYmF3GiP6/A0FKTAPU5WbckWQdXKXmDyMcDxOA==", "post"=>{"title"=>"", "body"=>""}, "commit"=>"Save Post"}
  [1m[35m (0.0ms)[0m  [1m[36mbegin transaction[0m
  [1m[35m (0.0ms)[0m  [1m[31mrollback transaction[0m
  Rendering posts/new.html.erb within layouts/application
  Rendered posts/new.html.erb within layouts/application (3.0ms)
Completed 200 OK in 248ms (Views: 198.9ms | ActiveRecord: 8.0ms)


Started POST "/posts" for 127.0.0.1 at 2017-12-30 21:47:13 +0530
Processing by PostsController#create as HTML
  Parameters: {"utf8"=>"✓", "authenticity_token"=>"tP0qhETrpF/LlhbOMft+9MnHmM/lUsvzoAdCVjPKdBmjV/LMpOz+Kz54TZmHTLlIH7SbU7q4ewAFzuXSWvZdBw==", "post"=>{"title"=>"", "body"=>""}, "commit"=>"Save Post"}
  [1m[35m (0.0ms)[0m  [1m[36mbegin transaction[0m
  [1m[35m (0.0ms)[0m  [1m[31mrollback transaction[0m
  Rendering posts/new.html.erb within layouts/application
  Rendered posts/new.html.erb within layouts/application (5.0ms)
Completed 200 OK in 168ms (Views: 162.8ms | ActiveRecord: 0.0ms)


Started POST "/posts" for 127.0.0.1 at 2017-12-30 21:47:24 +0530
Processing by PostsController#create as HTML
  Parameters: {"utf8"=>"✓", "authenticity_token"=>"4g9f98FqxzxwHUGl/jkPVwCCVw01ZsIwFB9ZwRVWqAT1pYe/IW2dSIXzGvJIjsjr1vFUkWqMcsOx1v5FfGqBGg==", "post"=>{"title"=>"Post three", "body"=>"Post three"}, "commit"=>"Save Post"}
  [1m[35m (0.0ms)[0m  [1m[36mbegin transaction[0m
  [1m[35mSQL (2.0ms)[0m  [1m[32mINSERT INTO "posts" ("title", "body", "created_at", "updated_at") VALUES (?, ?, ?, ?)[0m  [["title", "Post three"], ["body", "Post three"], ["created_at", "2017-12-30 16:17:24.623877"], ["updated_at", "2017-12-30 16:17:24.623877"]]
  [1m[35m (71.1ms)[0m  [1m[36mcommit transaction[0m
Redirected to http://localhost:3000/posts/3
Completed 302 Found in 78ms (ActiveRecord: 73.1ms)


Started GET "/posts/3" for 127.0.0.1 at 2017-12-30 21:47:24 +0530
Processing by PostsController#show as HTML
  Parameters: {"id"=>"3"}
  [1m[36mPost Load (0.0ms)[0m  [1m[34mSELECT  "posts".* FROM "posts" WHERE "posts"."id" = ? LIMIT ?[0m  [["id", 3], ["LIMIT", 1]]
  Rendering posts/show.html.erb within layouts/application
  Rendered posts/show.html.erb within layouts/application (1.0ms)
Completed 200 OK in 191ms (Views: 159.3ms | ActiveRecord: 0.0ms)


Started GET "/" for 127.0.0.1 at 2017-12-30 21:47:27 +0530
Processing by PostsController#index as HTML
  Rendering posts/index.html.erb within layouts/application
  [1m[36mPost Load (0.0ms)[0m  [1m[34mSELECT "posts".* FROM "posts"[0m
  Rendered posts/index.html.erb within layouts/application (0.0ms)
Completed 200 OK in 149ms (Views: 125.7ms | ActiveRecord: 0.0ms)


Started GET "/posts/new" for 127.0.0.1 at 2017-12-30 21:47:33 +0530
Processing by PostsController#new as HTML
  Rendering posts/new.html.erb within layouts/application
  Rendered posts/new.html.erb within layouts/application (0.0ms)
Completed 200 OK in 141ms (Views: 130.7ms | ActiveRecord: 0.0ms)


Started GET "/posts/new" for 127.0.0.1 at 2017-12-30 21:51:01 +0530
Processing by PostsController#new as HTML
  Rendering posts/new.html.erb within layouts/application
  Rendered posts/new.html.erb within layouts/application (2.0ms)
Completed 500 Internal Server Error in 133ms (ActiveRecord: 0.0ms)


  
SyntaxError (C:/Sites/simpleBlog/app/views/posts/new.html.erb:22: syntax error, unexpected keyword_ensure, expecting keyword_end
C:/Sites/simpleBlog/app/views/posts/new.html.erb:24: syntax error, unexpected end-of-input, expecting keyword_end):
  
app/views/posts/new.html.erb:22: syntax error, unexpected keyword_ensure, expecting keyword_end
app/views/posts/new.html.erb:24: syntax error, unexpected end-of-input, expecting keyword_end
Started GET "/posts/new" for 127.0.0.1 at 2017-12-30 21:51:39 +0530
Processing by PostsController#new as HTML
  Rendering posts/new.html.erb within layouts/application
  Rendered posts/new.html.erb within layouts/application (2.0ms)
Completed 500 Internal Server Error in 112ms (ActiveRecord: 0.0ms)


  
SyntaxError (C:/Sites/simpleBlog/app/views/posts/new.html.erb:22: syntax error, unexpected keyword_ensure, expecting keyword_end
C:/Sites/simpleBlog/app/views/posts/new.html.erb:24: syntax error, unexpected end-of-input, expecting keyword_end):
  
app/views/posts/new.html.erb:22: syntax error, unexpected keyword_ensure, expecting keyword_end
app/views/posts/new.html.erb:24: syntax error, unexpected end-of-input, expecting keyword_end
Started GET "/posts/new" for 127.0.0.1 at 2017-12-30 21:52:19 +0530
Processing by PostsController#new as HTML
  Rendering posts/new.html.erb within layouts/application
  Rendered posts/new.html.erb within layouts/application (1.0ms)
Completed 500 Internal Server Error in 99ms (ActiveRecord: 0.0ms)


  
SyntaxError (C:/Sites/simpleBlog/app/views/posts/new.html.erb:22: syntax error, unexpected keyword_ensure, expecting keyword_end
C:/Sites/simpleBlog/app/views/posts/new.html.erb:24: syntax error, unexpected end-of-input, expecting keyword_end):
  
app/views/posts/new.html.erb:22: syntax error, unexpected keyword_ensure, expecting keyword_end
app/views/posts/new.html.erb:24: syntax error, unexpected end-of-input, expecting keyword_end
Started GET "/posts/new" for 127.0.0.1 at 2017-12-30 21:53:32 +0530
Processing by PostsController#new as HTML
  Rendering posts/new.html.erb within layouts/application
  Rendered posts/new.html.erb within layouts/application (1.5ms)
Completed 500 Internal Server Error in 116ms (ActiveRecord: 0.0ms)


  
SyntaxError (C:/Sites/simpleBlog/app/views/posts/new.html.erb:22: syntax error, unexpected keyword_ensure, expecting keyword_end
C:/Sites/simpleBlog/app/views/posts/new.html.erb:24: syntax error, unexpected end-of-input, expecting keyword_end):
  
app/views/posts/new.html.erb:22: syntax error, unexpected keyword_ensure, expecting keyword_end
app/views/posts/new.html.erb:24: syntax error, unexpected end-of-input, expecting keyword_end
Started GET "/posts/new" for 127.0.0.1 at 2017-12-30 21:54:01 +0530
Processing by PostsController#new as HTML
  Rendering posts/new.html.erb within layouts/application
  Rendered posts/new.html.erb within layouts/application (30.5ms)
Completed 500 Internal Server Error in 140ms (ActiveRecord: 0.0ms)


  
ActionView::Template::Error (undefined method `errors' for nil:NilClass):
    1: <h1> Add Post</h1>
    2: <%= form_for :post, url: posts_path do |f| %>
    3: 	<% if @post.errors.any? %>
    4: 		<% @post.errors.full_messages.each do |msg| %>
    5: 			<div class="alert alert-danger"><%= msg %></div>
    6: 	  	<% end %>
  
app/views/posts/new.html.erb:3:in `block in _app_views_posts_new_html_erb__195099971_105591288'
app/views/posts/new.html.erb:2:in `_app_views_posts_new_html_erb__195099971_105591288'
Started GET "/posts/new" for 127.0.0.1 at 2017-12-30 22:00:52 +0530
Processing by PostsController#new as HTML
  Rendering posts/new.html.erb within layouts/application
  Rendered posts/new.html.erb within layouts/application (4.0ms)
Completed 200 OK in 211ms (Views: 161.8ms | ActiveRecord: 2.5ms)


Started POST "/posts" for 127.0.0.1 at 2017-12-30 22:00:55 +0530
Processing by PostsController#create as HTML
  Parameters: {"utf8"=>"✓", "authenticity_token"=>"qN/Uf0YpDTIZqeypP4YE2Vgs1qDOfYYB1LExQh568JC/dQw3pi5XRuxHt/6JMcNljl/VPJGXNvJxeJbGd0bZjg==", "post"=>{"title"=>"", "body"=>""}, "commit"=>"Save Post"}
  [1m[35m (0.0ms)[0m  [1m[36mbegin transaction[0m
  [1m[35m (0.0ms)[0m  [1m[31mrollback transaction[0m
  Rendering posts/new.html.erb within layouts/application
  Rendered posts/new.html.erb within layouts/application (4.0ms)
Completed 200 OK in 161ms (Views: 157.7ms | ActiveRecord: 0.0ms)


Started GET "/" for 127.0.0.1 at 2017-12-30 22:03:12 +0530
Processing by PostsController#index as HTML
  Rendering posts/index.html.erb within layouts/application
  [1m[36mPost Load (0.5ms)[0m  [1m[34mSELECT "posts".* FROM "posts"[0m
  Rendered posts/index.html.erb within layouts/application (2.0ms)
Completed 200 OK in 151ms (Views: 126.4ms | ActiveRecord: 0.5ms)


Started GET "/" for 127.0.0.1 at 2017-12-30 22:03:12 +0530
Processing by PostsController#index as HTML
  Rendering posts/index.html.erb within layouts/application
  [1m[36mPost Load (0.0ms)[0m  [1m[34mSELECT "posts".* FROM "posts"[0m
  Rendered posts/index.html.erb within layouts/application (0.0ms)
Completed 200 OK in 178ms (Views: 148.1ms | ActiveRecord: 0.0ms)


Started GET "/" for 127.0.0.1 at 2017-12-30 22:04:54 +0530
Processing by PostsController#index as HTML
  Rendering posts/index.html.erb within layouts/application
  [1m[36mPost Load (1.0ms)[0m  [1m[34mSELECT "posts".* FROM "posts"[0m
  Rendered posts/index.html.erb within layouts/application (3.0ms)
Completed 200 OK in 164ms (Views: 137.7ms | ActiveRecord: 1.0ms)


Started GET "/" for 127.0.0.1 at 2017-12-30 22:06:11 +0530
Processing by PostsController#index as HTML
  Rendering posts/index.html.erb within layouts/application
  [1m[36mPost Load (1.0ms)[0m  [1m[34mSELECT "posts".* FROM "posts"[0m
  Rendered posts/index.html.erb within layouts/application (5.0ms)
Completed 200 OK in 194ms (Views: 166.0ms | ActiveRecord: 1.0ms)


Started GET "/" for 127.0.0.1 at 2017-12-30 22:06:54 +0530
Processing by PostsController#index as HTML
  Rendering posts/index.html.erb within layouts/application
  [1m[36mPost Load (3.0ms)[0m  [1m[34mSELECT "posts".* FROM "posts"[0m
  Rendered posts/index.html.erb within layouts/application (6.5ms)
Completed 200 OK in 251ms (Views: 216.5ms | ActiveRecord: 3.0ms)


Started GET "/" for 127.0.0.1 at 2017-12-30 22:07:06 +0530
Processing by PostsController#index as HTML
  Rendering posts/index.html.erb within layouts/application
  [1m[36mPost Load (0.0ms)[0m  [1m[34mSELECT "posts".* FROM "posts"[0m
  Rendered posts/index.html.erb within layouts/application (2.0ms)
Completed 200 OK in 180ms (Views: 148.8ms | ActiveRecord: 0.0ms)


Started GET "/" for 127.0.0.1 at 2017-12-30 22:07:15 +0530
Processing by PostsController#index as HTML
  Rendering posts/index.html.erb within layouts/application
  [1m[36mPost Load (0.0ms)[0m  [1m[34mSELECT "posts".* FROM "posts"[0m
  Rendered posts/index.html.erb within layouts/application (2.5ms)
Completed 200 OK in 196ms (Views: 164.4ms | ActiveRecord: 0.0ms)


Started GET "/" for 127.0.0.1 at 2017-12-30 22:07:23 +0530
Processing by PostsController#index as HTML
  Rendering posts/index.html.erb within layouts/application
  [1m[36mPost Load (0.0ms)[0m  [1m[34mSELECT "posts".* FROM "posts"[0m
  Rendered posts/index.html.erb within layouts/application (3.0ms)
Completed 200 OK in 181ms (Views: 149.1ms | ActiveRecord: 0.0ms)


Started GET "/" for 127.0.0.1 at 2017-12-30 22:10:02 +0530
Processing by PostsController#index as HTML
  Rendering posts/index.html.erb within layouts/application
  [1m[36mPost Load (0.5ms)[0m  [1m[34mSELECT "posts".* FROM "posts"[0m
  Rendered posts/index.html.erb within layouts/application (3.0ms)
Completed 200 OK in 220ms (Views: 167.7ms | ActiveRecord: 0.5ms)


Started GET "/" for 127.0.0.1 at 2017-12-30 22:11:17 +0530
Processing by PostsController#index as HTML
  Rendering posts/index.html.erb within layouts/application
  [1m[36mPost Load (0.0ms)[0m  [1m[34mSELECT "posts".* FROM "posts"[0m
  Rendered posts/index.html.erb within layouts/application (3.0ms)
Completed 200 OK in 200ms (Views: 164.2ms | ActiveRecord: 0.0ms)


Started GET "/" for 127.0.0.1 at 2017-12-30 22:11:36 +0530
Processing by PostsController#index as HTML
  Rendering posts/index.html.erb within layouts/application
  [1m[36mPost Load (0.0ms)[0m  [1m[34mSELECT "posts".* FROM "posts"[0m
  Rendered posts/index.html.erb within layouts/application (3.0ms)
Completed 200 OK in 162ms (Views: 136.8ms | ActiveRecord: 0.0ms)


Started GET "/" for 127.0.0.1 at 2017-12-30 22:11:50 +0530
Processing by PostsController#index as HTML
  Rendering posts/index.html.erb within layouts/application
  [1m[36mPost Load (1.0ms)[0m  [1m[34mSELECT "posts".* FROM "posts"[0m
  Rendered posts/index.html.erb within layouts/application (3.0ms)
Completed 200 OK in 213ms (Views: 181.3ms | ActiveRecord: 1.0ms)


Started GET "/" for 127.0.0.1 at 2017-12-30 22:12:05 +0530
Processing by PostsController#index as HTML
  Rendering posts/index.html.erb within layouts/application
  [1m[36mPost Load (1.0ms)[0m  [1m[34mSELECT "posts".* FROM "posts"[0m
  Rendered posts/index.html.erb within layouts/application (4.0ms)
Completed 200 OK in 218ms (Views: 183.4ms | ActiveRecord: 1.0ms)


Started GET "/" for 127.0.0.1 at 2017-12-30 22:12:18 +0530
Processing by PostsController#index as HTML
  Rendering posts/index.html.erb within layouts/application
  [1m[36mPost Load (0.5ms)[0m  [1m[34mSELECT "posts".* FROM "posts"[0m
  Rendered posts/index.html.erb within layouts/application (3.0ms)
Completed 200 OK in 238ms (Views: 209.0ms | ActiveRecord: 0.5ms)


Started GET "/" for 127.0.0.1 at 2017-12-30 22:13:33 +0530
Processing by PostsController#index as HTML
  Rendering posts/index.html.erb within layouts/application
  [1m[36mPost Load (0.0ms)[0m  [1m[34mSELECT "posts".* FROM "posts"[0m
  Rendered posts/index.html.erb within layouts/application (3.0ms)
Completed 200 OK in 176ms (Views: 149.5ms | ActiveRecord: 0.0ms)


Started GET "/" for 127.0.0.1 at 2017-12-30 22:13:56 +0530
Processing by PostsController#index as HTML
  Rendering posts/index.html.erb within layouts/application
  [1m[36mPost Load (0.0ms)[0m  [1m[34mSELECT "posts".* FROM "posts"[0m
  Rendered posts/index.html.erb within layouts/application (2.0ms)
Completed 200 OK in 162ms (Views: 133.6ms | ActiveRecord: 0.0ms)


Started GET "/" for 127.0.0.1 at 2017-12-30 22:14:31 +0530
Processing by PostsController#index as HTML
  Rendering posts/index.html.erb within layouts/application
  [1m[36mPost Load (0.0ms)[0m  [1m[34mSELECT "posts".* FROM "posts"[0m
  Rendered posts/index.html.erb within layouts/application (2.1ms)
Completed 200 OK in 177ms (Views: 139.7ms | ActiveRecord: 0.0ms)


Started GET "/" for 127.0.0.1 at 2017-12-30 22:14:51 +0530
Processing by PostsController#index as HTML
  Rendering posts/index.html.erb within layouts/application
  [1m[36mPost Load (0.0ms)[0m  [1m[34mSELECT "posts".* FROM "posts"[0m
  Rendered posts/index.html.erb within layouts/application (2.5ms)
Completed 200 OK in 214ms (Views: 174.6ms | ActiveRecord: 0.0ms)


Started GET "/" for 127.0.0.1 at 2017-12-30 22:15:28 +0530
Processing by PostsController#index as HTML
  Rendering posts/index.html.erb within layouts/application
  [1m[36mPost Load (0.0ms)[0m  [1m[34mSELECT "posts".* FROM "posts"[0m
  Rendered posts/index.html.erb within layouts/application (3.0ms)
Completed 200 OK in 167ms (Views: 137.5ms | ActiveRecord: 0.0ms)


Started GET "/" for 127.0.0.1 at 2017-12-30 22:16:16 +0530
Processing by PostsController#index as HTML
  Rendering posts/index.html.erb within layouts/application
  [1m[36mPost Load (0.0ms)[0m  [1m[34mSELECT "posts".* FROM "posts"[0m
  Rendered posts/index.html.erb within layouts/application (2.4ms)
Completed 200 OK in 163ms (Views: 136.0ms | ActiveRecord: 0.0ms)


Started GET "/posts/1" for 127.0.0.1 at 2017-12-30 22:16:31 +0530
Processing by PostsController#show as HTML
  Parameters: {"id"=>"1"}
  [1m[36mPost Load (1.0ms)[0m  [1m[34mSELECT  "posts".* FROM "posts" WHERE "posts"."id" = ? LIMIT ?[0m  [["id", 1], ["LIMIT", 1]]
  Rendering posts/show.html.erb within layouts/application
  Rendered posts/show.html.erb within layouts/application (0.5ms)
Completed 200 OK in 195ms (Views: 155.7ms | ActiveRecord: 1.0ms)


Started GET "/posts/2" for 127.0.0.1 at 2017-12-30 22:16:35 +0530
Processing by PostsController#show as HTML
  Parameters: {"id"=>"2"}
  [1m[36mPost Load (0.5ms)[0m  [1m[34mSELECT  "posts".* FROM "posts" WHERE "posts"."id" = ? LIMIT ?[0m  [["id", 2], ["LIMIT", 1]]
  Rendering posts/show.html.erb within layouts/application
  Rendered posts/show.html.erb within layouts/application (0.5ms)
Completed 200 OK in 166ms (Views: 131.0ms | ActiveRecord: 0.5ms)


Started GET "/posts/3" for 127.0.0.1 at 2017-12-30 22:16:38 +0530
Processing by PostsController#show as HTML
  Parameters: {"id"=>"3"}
  [1m[36mPost Load (0.0ms)[0m  [1m[34mSELECT  "posts".* FROM "posts" WHERE "posts"."id" = ? LIMIT ?[0m  [["id", 3], ["LIMIT", 1]]
  Rendering posts/show.html.erb within layouts/application
  Rendered posts/show.html.erb within layouts/application (0.0ms)
Completed 200 OK in 172ms (Views: 132.2ms | ActiveRecord: 0.0ms)


Started GET "/" for 127.0.0.1 at 2017-12-30 22:34:36 +0530
Processing by PostsController#index as HTML
  Rendering posts/index.html.erb within layouts/application
  [1m[36mPost Load (0.5ms)[0m  [1m[34mSELECT "posts".* FROM "posts"[0m
  Rendered posts/index.html.erb within layouts/application (19.0ms)
Completed 200 OK in 238ms (Views: 192.3ms | ActiveRecord: 3.0ms)


Started GET "/posts/new" for 127.0.0.1 at 2017-12-30 22:34:39 +0530
Processing by PostsController#new as HTML
  Rendering posts/new.html.erb within layouts/application
  Rendered posts/new.html.erb within layouts/application (5.0ms)
Completed 200 OK in 164ms (Views: 134.0ms | ActiveRecord: 0.0ms)


Started GET "/" for 127.0.0.1 at 2017-12-30 22:34:42 +0530
Processing by PostsController#index as HTML
  Rendering posts/index.html.erb within layouts/application
  [1m[36mPost Load (0.0ms)[0m  [1m[34mSELECT "posts".* FROM "posts"[0m
  Rendered posts/index.html.erb within layouts/application (0.0ms)
Completed 200 OK in 158ms (Views: 132.7ms | ActiveRecord: 0.0ms)


Started GET "/posts/1" for 127.0.0.1 at 2017-12-30 22:34:43 +0530
Processing by PostsController#show as HTML
  Parameters: {"id"=>"1"}
  [1m[36mPost Load (0.0ms)[0m  [1m[34mSELECT  "posts".* FROM "posts" WHERE "posts"."id" = ? LIMIT ?[0m  [["id", 1], ["LIMIT", 1]]
  Rendering posts/show.html.erb within layouts/application
  Rendered posts/show.html.erb within layouts/application (1.0ms)
Completed 200 OK in 198ms (Views: 161.3ms | ActiveRecord: 0.0ms)


Started GET "/posts/1/edit" for 127.0.0.1 at 2017-12-30 22:34:47 +0530
Processing by PostsController#edit as HTML
  Parameters: {"id"=>"1"}
  [1m[36mPost Load (1.0ms)[0m  [1m[34mSELECT  "posts".* FROM "posts" WHERE "posts"."id" = ? LIMIT ?[0m  [["id", 1], ["LIMIT", 1]]
  Rendering posts/edit.html.erb within layouts/application
  Rendered posts/edit.html.erb within layouts/application (5.5ms)
Completed 200 OK in 174ms (Views: 152.6ms | ActiveRecord: 1.0ms)


Started PATCH "/posts/1" for 127.0.0.1 at 2017-12-30 22:39:34 +0530
Processing by PostsController#update as HTML
  Parameters: {"utf8"=>"✓", "authenticity_token"=>"Of3bvyy4r/tGGME6ry0vViqJGJXj4hzyPBH7RujY25LbF08VLUlLtnXBdKPVP2a7bfsecXKl3KKhISxqyhobAg==", "post"=>{"title"=>"Post one", "body"=>"This is post 1 edit"}, "commit"=>"Save Post", "id"=>"1"}
  [1m[36mPost Load (1.0ms)[0m  [1m[34mSELECT  "posts".* FROM "posts" WHERE "posts"."id" = ? LIMIT ?[0m  [["id", 1], ["LIMIT", 1]]
  [1m[35m (0.0ms)[0m  [1m[36mbegin transaction[0m
  [1m[35mSQL (2.0ms)[0m  [1m[33mUPDATE "posts" SET "body" = ?, "updated_at" = ? WHERE "posts"."id" = ?[0m  [["body", "This is post 1 edit"], ["updated_at", "2017-12-30 17:09:34.528112"], ["id", 1]]
  [1m[35m (131.6ms)[0m  [1m[36mcommit transaction[0m
Redirected to http://localhost:3000/posts/1
Completed 302 Found in 163ms (ActiveRecord: 136.6ms)


Started GET "/posts/1" for 127.0.0.1 at 2017-12-30 22:39:34 +0530
Processing by PostsController#show as HTML
  Parameters: {"id"=>"1"}
  [1m[36mPost Load (0.0ms)[0m  [1m[34mSELECT  "posts".* FROM "posts" WHERE "posts"."id" = ? LIMIT ?[0m  [["id", 1], ["LIMIT", 1]]
  Rendering posts/show.html.erb within layouts/application
  Rendered posts/show.html.erb within layouts/application (1.0ms)
Completed 200 OK in 188ms (Views: 163.6ms | ActiveRecord: 0.0ms)


Started GET "/posts/1" for 127.0.0.1 at 2017-12-30 22:42:22 +0530
Processing by PostsController#show as HTML
  Parameters: {"id"=>"1"}
  [1m[36mPost Load (0.0ms)[0m  [1m[34mSELECT  "posts".* FROM "posts" WHERE "posts"."id" = ? LIMIT ?[0m  [["id", 1], ["LIMIT", 1]]
  Rendering posts/show.html.erb within layouts/application
  Rendered posts/show.html.erb within layouts/application (1.0ms)
Completed 200 OK in 188ms (Views: 137.6ms | ActiveRecord: 4.0ms)


Started GET "/" for 127.0.0.1 at 2017-12-30 22:42:24 +0530
Processing by PostsController#index as HTML
  Rendering posts/index.html.erb within layouts/application
  [1m[36mPost Load (1.0ms)[0m  [1m[34mSELECT "posts".* FROM "posts"[0m
  Rendered posts/index.html.erb within layouts/application (3.0ms)
Completed 200 OK in 178ms (Views: 158.8ms | ActiveRecord: 1.0ms)


Started GET "/" for 127.0.0.1 at 2017-12-30 22:43:41 +0530
Processing by PostsController#index as HTML
  Rendering posts/index.html.erb within layouts/application
  [1m[36mPost Load (0.5ms)[0m  [1m[34mSELECT "posts".* FROM "posts"[0m
  Rendered posts/index.html.erb within layouts/application (22.5ms)
Completed 200 OK in 243ms (Views: 191.8ms | ActiveRecord: 3.5ms)


Started GET "/" for 127.0.0.1 at 2017-12-30 22:47:50 +0530
Processing by PostsController#index as HTML
  Rendering posts/index.html.erb within layouts/application
  [1m[36mPost Load (1.0ms)[0m  [1m[34mSELECT "posts".* FROM "posts"[0m
  Rendered posts/index.html.erb within layouts/application (4.0ms)
Completed 200 OK in 189ms (Views: 160.9ms | ActiveRecord: 1.0ms)


Started GET "/posts/1" for 127.0.0.1 at 2017-12-30 22:47:53 +0530
Processing by PostsController#show as HTML
  Parameters: {"id"=>"1"}
  [1m[36mPost Load (0.5ms)[0m  [1m[34mSELECT  "posts".* FROM "posts" WHERE "posts"."id" = ? LIMIT ?[0m  [["id", 1], ["LIMIT", 1]]
  Rendering posts/show.html.erb within layouts/application
  Rendered posts/show.html.erb within layouts/application (2.0ms)
Completed 500 Internal Server Error in 117ms (ActiveRecord: 0.5ms)


  
SyntaxError (C:/Sites/simpleBlog/app/views/posts/show.html.erb:6: syntax error, unexpected ':', expecting ')'
				:method :delete,
				         ^
C:/Sites/simpleBlog/app/views/posts/show.html.erb:7: syntax error, unexpected ',', expecting ')'
				data: {confirm: 'Are you sure?'},
				                                 ^):
  
app/views/posts/show.html.erb:6: syntax error, unexpected ':', expecting ')'
app/views/posts/show.html.erb:7: syntax error, unexpected ',', expecting ')'
Started GET "/posts/1" for 127.0.0.1 at 2017-12-30 22:48:37 +0530
Processing by PostsController#show as HTML
  Parameters: {"id"=>"1"}
  [1m[36mPost Load (0.0ms)[0m  [1m[34mSELECT  "posts".* FROM "posts" WHERE "posts"."id" = ? LIMIT ?[0m  [["id", 1], ["LIMIT", 1]]
  Rendering posts/show.html.erb within layouts/application
  Rendered posts/show.html.erb within layouts/application (1.0ms)
Completed 500 Internal Server Error in 97ms (ActiveRecord: 0.0ms)


  
SyntaxError (C:/Sites/simpleBlog/app/views/posts/show.html.erb:6: syntax error, unexpected ':', expecting ')'
				:method :delete,
				         ^
C:/Sites/simpleBlog/app/views/posts/show.html.erb:7: syntax error, unexpected ',', expecting ')'
				data: {confirm: 'Are you sure?'},
				                                 ^):
  
app/views/posts/show.html.erb:6: syntax error, unexpected ':', expecting ')'
app/views/posts/show.html.erb:7: syntax error, unexpected ',', expecting ')'
Started GET "/posts/1" for 127.0.0.1 at 2017-12-30 22:49:09 +0530
Processing by PostsController#show as HTML
  Parameters: {"id"=>"1"}
  [1m[36mPost Load (0.0ms)[0m  [1m[34mSELECT  "posts".* FROM "posts" WHERE "posts"."id" = ? LIMIT ?[0m  [["id", 1], ["LIMIT", 1]]
  Rendering posts/show.html.erb within layouts/application
  Rendered posts/show.html.erb within layouts/application (2.0ms)
Completed 200 OK in 162ms (Views: 137.4ms | ActiveRecord: 0.0ms)


Started GET "/posts/1" for 127.0.0.1 at 2017-12-30 22:49:36 +0530
Processing by PostsController#show as HTML
  Parameters: {"id"=>"1"}
  [1m[36mPost Load (0.5ms)[0m  [1m[34mSELECT  "posts".* FROM "posts" WHERE "posts"."id" = ? LIMIT ?[0m  [["id", 1], ["LIMIT", 1]]
  Rendering posts/show.html.erb within layouts/application
  Rendered posts/show.html.erb within layouts/application (2.0ms)
Completed 200 OK in 162ms (Views: 136.1ms | ActiveRecord: 0.5ms)


Started GET "/posts/1" for 127.0.0.1 at 2017-12-30 22:54:45 +0530
Processing by PostsController#show as HTML
  Parameters: {"id"=>"1"}
  [1m[36mPost Load (0.0ms)[0m  [1m[34mSELECT  "posts".* FROM "posts" WHERE "posts"."id" = ? LIMIT ?[0m  [["id", 1], ["LIMIT", 1]]
  Rendering posts/show.html.erb within layouts/application
  Rendered posts/show.html.erb within layouts/application (1.5ms)
Completed 200 OK in 219ms (Views: 184.1ms | ActiveRecord: 0.0ms)


  [1m[35m (0.5ms)[0m  [1m[34mSELECT "schema_migrations"."version" FROM "schema_migrations" ORDER BY "schema_migrations"."version" ASC[0m
Migrating to CreateComments (20171230172720)
  [1m[35m (0.5ms)[0m  [1m[36mbegin transaction[0m
  [1m[35m (0.0ms)[0m  [1m[34mSELECT sqlite_version(*)[0m
  [1m[35m (13.5ms)[0m  [1m[35mCREATE TABLE "comments" ("id" INTEGER PRIMARY KEY AUTOINCREMENT NOT NULL, "username" varchar, "body" text, "post_id" integer, "created_at" datetime NOT NULL, "updated_at" datetime NOT NULL, CONSTRAINT "fk_rails_2fd19c0db7"
FOREIGN KEY ("post_id")
  REFERENCES "posts" ("id")
)[0m
  [1m[35m (0.0ms)[0m  [1m[35mCREATE  INDEX "index_comments_on_post_id" ON "comments" ("post_id")[0m
  [1m[35mSQL (0.0ms)[0m  [1m[32mINSERT INTO "schema_migrations" ("version") VALUES (?)[0m  [["version", "20171230172720"]]
  [1m[35m (159.6ms)[0m  [1m[36mcommit transaction[0m
  [1m[36mActiveRecord::InternalMetadata Load (0.5ms)[0m  [1m[34mSELECT  "ar_internal_metadata".* FROM "ar_internal_metadata" WHERE "ar_internal_metadata"."key" = ? LIMIT ?[0m  [["key", "environment"], ["LIMIT", 1]]
  [1m[35m (0.0ms)[0m  [1m[36mbegin transaction[0m
  [1m[35m (0.0ms)[0m  [1m[36mcommit transaction[0m
  [1m[35m (0.0ms)[0m  [1m[34mSELECT "schema_migrations"."version" FROM "schema_migrations" ORDER BY "schema_migrations"."version" ASC[0m
  [1m[35m (0.5ms)[0m  [1m[34m            SELECT sql
            FROM sqlite_master
            WHERE name='index_comments_on_post_id' AND type='index'
            UNION ALL
            SELECT sql
            FROM sqlite_temp_master
            WHERE name='index_comments_on_post_id' AND type='index'
[0m
Started GET "/posts/1" for 127.0.0.1 at 2017-12-30 23:03:34 +0530
  [1m[35m (1.0ms)[0m  [1m[34mSELECT "schema_migrations"."version" FROM "schema_migrations" ORDER BY "schema_migrations"."version" ASC[0m
Processing by PostsController#show as HTML
  Parameters: {"id"=>"1"}
  [1m[36mPost Load (0.0ms)[0m  [1m[34mSELECT  "posts".* FROM "posts" WHERE "posts"."id" = ? LIMIT ?[0m  [["id", 1], ["LIMIT", 1]]
  Rendering posts/show.html.erb within layouts/application
  Rendered posts/show.html.erb within layouts/application (175.6ms)
Completed 200 OK in 882ms (Views: 793.1ms | ActiveRecord: 5.0ms)


Started GET "/posts/1" for 127.0.0.1 at 2017-12-30 23:10:37 +0530
Processing by PostsController#show as HTML
  Parameters: {"id"=>"1"}
  [1m[36mPost Load (0.0ms)[0m  [1m[34mSELECT  "posts".* FROM "posts" WHERE "posts"."id" = ? LIMIT ?[0m  [["id", 1], ["LIMIT", 1]]
  Rendering posts/show.html.erb within layouts/application
  Rendered posts/show.html.erb within layouts/application (1.0ms)
Completed 500 Internal Server Error in 157ms (ActiveRecord: 2.5ms)


  
SyntaxError (C:/Sites/simpleBlog/app/views/posts/show.html.erb:35: syntax error, unexpected keyword_ensure, expecting keyword_end
C:/Sites/simpleBlog/app/views/posts/show.html.erb:37: syntax error, unexpected end-of-input, expecting keyword_end):
  
app/views/posts/show.html.erb:35: syntax error, unexpected keyword_ensure, expecting keyword_end
app/views/posts/show.html.erb:37: syntax error, unexpected end-of-input, expecting keyword_end
Started GET "/posts/1" for 127.0.0.1 at 2017-12-30 23:11:32 +0530
Processing by PostsController#show as HTML
  Parameters: {"id"=>"1"}
  [1m[36mPost Load (0.0ms)[0m  [1m[34mSELECT  "posts".* FROM "posts" WHERE "posts"."id" = ? LIMIT ?[0m  [["id", 1], ["LIMIT", 1]]
  Rendering posts/show.html.erb within layouts/application
  [1m[36mComment Load (0.5ms)[0m  [1m[34mSELECT "comments".* FROM "comments" WHERE "comments"."post_id" = ?[0m  [["post_id", 1]]
  Rendered posts/show.html.erb within layouts/application (39.0ms)
Completed 200 OK in 228ms (Views: 198.1ms | ActiveRecord: 1.5ms)


Started POST "/posts/1/comments" for 127.0.0.1 at 2017-12-30 23:11:45 +0530
Processing by CommentsController#create as HTML
  Parameters: {"utf8"=>"✓", "authenticity_token"=>"eM/KuaVhPyWVqeF/YIh6x3RFwLiu+tj7qK8sM/cwAINvZRLxRWZlUWBHuijWP717ojbDJPEQaAgNZou3ngwpnQ==", "comment"=>{"username"=>"Ankush", "body"=>"great post"}, "commit"=>"Create Comment", "post_id"=>"1"}
  [1m[36mPost Load (0.0ms)[0m  [1m[34mSELECT  "posts".* FROM "posts" WHERE "posts"."id" = ? LIMIT ?[0m  [["id", nil], ["LIMIT", 1]]
Completed 404 Not Found in 3ms (ActiveRecord: 0.0ms)


  
ActiveRecord::RecordNotFound (Couldn't find Post with 'id'=):
  
app/controllers/comments_controller.rb:3:in `create'
Started POST "/posts/1/comments" for 127.0.0.1 at 2017-12-30 23:12:47 +0530
Processing by CommentsController#create as HTML
  Parameters: {"utf8"=>"✓", "authenticity_token"=>"eM/KuaVhPyWVqeF/YIh6x3RFwLiu+tj7qK8sM/cwAINvZRLxRWZlUWBHuijWP717ojbDJPEQaAgNZou3ngwpnQ==", "comment"=>{"username"=>"Ankush", "body"=>"great post"}, "commit"=>"Create Comment", "post_id"=>"1"}
  [1m[36mPost Load (0.0ms)[0m  [1m[34mSELECT  "posts".* FROM "posts" WHERE "posts"."id" = ? LIMIT ?[0m  [["id", 1], ["LIMIT", 1]]
  [1m[35m (0.0ms)[0m  [1m[36mbegin transaction[0m
  [1m[35mSQL (1.0ms)[0m  [1m[32mINSERT INTO "comments" ("username", "body", "post_id", "created_at", "updated_at") VALUES (?, ?, ?, ?, ?)[0m  [["username", "Ankush"], ["body", "great post"], ["post_id", 1], ["created_at", "2017-12-30 17:42:47.952029"], ["updated_at", "2017-12-30 17:42:47.952029"]]
  [1m[35m (61.1ms)[0m  [1m[36mcommit transaction[0m
Redirected to http://localhost:3000/posts/1
Completed 302 Found in 115ms (ActiveRecord: 64.1ms)


Started GET "/posts/1" for 127.0.0.1 at 2017-12-30 23:12:48 +0530
Processing by PostsController#show as HTML
  Parameters: {"id"=>"1"}
  [1m[36mPost Load (0.0ms)[0m  [1m[34mSELECT  "posts".* FROM "posts" WHERE "posts"."id" = ? LIMIT ?[0m  [["id", 1], ["LIMIT", 1]]
  Rendering posts/show.html.erb within layouts/application
  [1m[36mComment Load (1.0ms)[0m  [1m[34mSELECT "comments".* FROM "comments" WHERE "comments"."post_id" = ?[0m  [["post_id", 1]]
  Rendered posts/show.html.erb within layouts/application (10.0ms)
Completed 200 OK in 185ms (Views: 152.6ms | ActiveRecord: 1.0ms)


Started GET "/posts/1" for 127.0.0.1 at 2017-12-30 23:17:36 +0530
Processing by PostsController#show as HTML
  Parameters: {"id"=>"1"}
  [1m[36mPost Load (0.5ms)[0m  [1m[34mSELECT  "posts".* FROM "posts" WHERE "posts"."id" = ? LIMIT ?[0m  [["id", 1], ["LIMIT", 1]]
  Rendering posts/show.html.erb within layouts/application
  [1m[36mComment Load (0.0ms)[0m  [1m[34mSELECT "comments".* FROM "comments" WHERE "comments"."post_id" = ?[0m  [["post_id", 1]]
  Rendered comments/_comments.html.erb (3.0ms)
  Rendered comments/_form.html.erb (3.5ms)
  Rendered posts/show.html.erb within layouts/application (64.0ms)
Completed 200 OK in 240ms (Views: 210.6ms | ActiveRecord: 0.5ms)


Started GET "/posts/1" for 127.0.0.1 at 2017-12-30 23:17:41 +0530
Processing by PostsController#show as HTML
  Parameters: {"id"=>"1"}
  [1m[36mPost Load (1.0ms)[0m  [1m[34mSELECT  "posts".* FROM "posts" WHERE "posts"."id" = ? LIMIT ?[0m  [["id", 1], ["LIMIT", 1]]
  Rendering posts/show.html.erb within layouts/application
  [1m[36mComment Load (0.5ms)[0m  [1m[34mSELECT "comments".* FROM "comments" WHERE "comments"."post_id" = ?[0m  [["post_id", 1]]
  Rendered comments/_comments.html.erb (2.0ms)
  Rendered comments/_form.html.erb (3.5ms)
  Rendered posts/show.html.erb within layouts/application (54.0ms)
Completed 200 OK in 246ms (Views: 198.7ms | ActiveRecord: 1.5ms)


Started GET "/posts/1" for 127.0.0.1 at 2017-12-30 23:17:55 +0530
Processing by PostsController#show as HTML
  Parameters: {"id"=>"1"}
  [1m[36mPost Load (0.5ms)[0m  [1m[34mSELECT  "posts".* FROM "posts" WHERE "posts"."id" = ? LIMIT ?[0m  [["id", 1], ["LIMIT", 1]]
  Rendering posts/show.html.erb within layouts/application
  [1m[36mComment Load (1.0ms)[0m  [1m[34mSELECT "comments".* FROM "comments" WHERE "comments"."post_id" = ?[0m  [["post_id", 1]]
  Rendered comments/_comments.html.erb (5.0ms)
  Rendered comments/_form.html.erb (4.0ms)
  Rendered posts/show.html.erb within layouts/application (76.1ms)
Completed 200 OK in 279ms (Views: 240.8ms | ActiveRecord: 1.5ms)


Started GET "/posts/1" for 127.0.0.1 at 2017-12-30 23:20:39 +0530
Processing by PostsController#show as HTML
  Parameters: {"id"=>"1"}
  [1m[36mPost Load (0.0ms)[0m  [1m[34mSELECT  "posts".* FROM "posts" WHERE "posts"."id" = ? LIMIT ?[0m  [["id", 1], ["LIMIT", 1]]
  Rendering posts/show.html.erb within layouts/application
  [1m[36mComment Load (0.5ms)[0m  [1m[34mSELECT "comments".* FROM "comments" WHERE "comments"."post_id" = ?[0m  [["post_id", 1]]
  Rendered comments/_comments.html.erb (4.0ms)
  Rendered comments/_form.html.erb (4.0ms)
  Rendered posts/show.html.erb within layouts/application (71.6ms)
Completed 200 OK in 260ms (Views: 232.4ms | ActiveRecord: 0.5ms)


Started DELETE "/posts/1/comments/1" for 127.0.0.1 at 2017-12-30 23:20:44 +0530
  
AbstractController::ActionNotFound (The action 'destroy' could not be found for CommentsController):
  
actionpack (5.1.4) lib/abstract_controller/base.rb:119:in `process'
actionview (5.1.4) lib/action_view/rendering.rb:30:in `process'
actionpack (5.1.4) lib/action_controller/metal.rb:189:in `dispatch'
actionpack (5.1.4) lib/action_controller/metal.rb:253:in `dispatch'
actionpack (5.1.4) lib/action_dispatch/routing/route_set.rb:49:in `dispatch'
actionpack (5.1.4) lib/action_dispatch/routing/route_set.rb:31:in `serve'
actionpack (5.1.4) lib/action_dispatch/journey/router.rb:50:in `block in serve'
actionpack (5.1.4) lib/action_dispatch/journey/router.rb:33:in `each'
actionpack (5.1.4) lib/action_dispatch/journey/router.rb:33:in `serve'
actionpack (5.1.4) lib/action_dispatch/routing/route_set.rb:834:in `call'
rack (2.0.3) lib/rack/etag.rb:25:in `call'
rack (2.0.3) lib/rack/conditional_get.rb:38:in `call'
rack (2.0.3) lib/rack/head.rb:12:in `call'
rack (2.0.3) lib/rack/session/abstract/id.rb:232:in `context'
rack (2.0.3) lib/rack/session/abstract/id.rb:226:in `call'
actionpack (5.1.4) lib/action_dispatch/middleware/cookies.rb:613:in `call'
activerecord (5.1.4) lib/active_record/migration.rb:556:in `call'
actionpack (5.1.4) lib/action_dispatch/middleware/callbacks.rb:26:in `block in call'
activesupport (5.1.4) lib/active_support/callbacks.rb:97:in `run_callbacks'
actionpack (5.1.4) lib/action_dispatch/middleware/callbacks.rb:24:in `call'
actionpack (5.1.4) lib/action_dispatch/middleware/executor.rb:12:in `call'
actionpack (5.1.4) lib/action_dispatch/middleware/debug_exceptions.rb:59:in `call'
web-console (3.5.1) lib/web_console/middleware.rb:135:in `call_app'
web-console (3.5.1) lib/web_console/middleware.rb:28:in `block in call'
web-console (3.5.1) lib/web_console/middleware.rb:18:in `catch'
web-console (3.5.1) lib/web_console/middleware.rb:18:in `call'
actionpack (5.1.4) lib/action_dispatch/middleware/show_exceptions.rb:31:in `call'
railties (5.1.4) lib/rails/rack/logger.rb:36:in `call_app'
railties (5.1.4) lib/rails/rack/logger.rb:24:in `block in call'
activesupport (5.1.4) lib/active_support/tagged_logging.rb:69:in `block in tagged'
activesupport (5.1.4) lib/active_support/tagged_logging.rb:26:in `tagged'
activesupport (5.1.4) lib/active_support/tagged_logging.rb:69:in `tagged'
railties (5.1.4) lib/rails/rack/logger.rb:24:in `call'
sprockets-rails (3.2.1) lib/sprockets/rails/quiet_assets.rb:13:in `call'
actionpack (5.1.4) lib/action_dispatch/middleware/remote_ip.rb:79:in `call'
actionpack (5.1.4) lib/action_dispatch/middleware/request_id.rb:25:in `call'
rack (2.0.3) lib/rack/method_override.rb:22:in `call'
rack (2.0.3) lib/rack/runtime.rb:22:in `call'
activesupport (5.1.4) lib/active_support/cache/strategy/local_cache_middleware.rb:27:in `call'
actionpack (5.1.4) lib/action_dispatch/middleware/executor.rb:12:in `call'
actionpack (5.1.4) lib/action_dispatch/middleware/static.rb:125:in `call'
rack (2.0.3) lib/rack/sendfile.rb:111:in `call'
railties (5.1.4) lib/rails/engine.rb:522:in `call'
puma (3.11.0) lib/puma/configuration.rb:225:in `call'
puma (3.11.0) lib/puma/server.rb:624:in `handle_request'
puma (3.11.0) lib/puma/server.rb:438:in `process_client'
puma (3.11.0) lib/puma/server.rb:302:in `block in run'
puma (3.11.0) lib/puma/thread_pool.rb:120:in `block in spawn_thread'
Started DELETE "/posts/1/comments/1" for 127.0.0.1 at 2017-12-30 23:22:59 +0530
Processing by CommentsController#destroy as HTML
  Parameters: {"authenticity_token"=>"Yvrpm5CSzfH8HGqm1fdHsVsbf11Rmz8C2gl93++2cIN1UDHTcJWXhQnyMfFjQIANjWh8wQ5xj/F/wNpbhopZnQ==", "post_id"=>"1", "id"=>"1"}
  [1m[36mPost Load (0.0ms)[0m  [1m[34mSELECT  "posts".* FROM "posts" WHERE "posts"."id" = ? LIMIT ?[0m  [["id", 1], ["LIMIT", 1]]
  [1m[36mComment Load (0.0ms)[0m  [1m[34mSELECT  "comments".* FROM "comments" WHERE "comments"."post_id" = ? AND "comments"."id" = ? LIMIT ?[0m  [["post_id", 1], ["id", 1], ["LIMIT", 1]]
  [1m[35m (0.0ms)[0m  [1m[36mbegin transaction[0m
  [1m[35mSQL (2.0ms)[0m  [1m[31mDELETE FROM "comments" WHERE "comments"."id" = ?[0m  [["id", 1]]
  [1m[35m (104.1ms)[0m  [1m[36mcommit transaction[0m
Redirected to http://localhost:3000/posts/1
Completed 302 Found in 157ms (ActiveRecord: 110.6ms)


Started GET "/posts/1" for 127.0.0.1 at 2017-12-30 23:22:59 +0530
Processing by PostsController#show as HTML
  Parameters: {"id"=>"1"}
  [1m[36mPost Load (0.0ms)[0m  [1m[34mSELECT  "posts".* FROM "posts" WHERE "posts"."id" = ? LIMIT ?[0m  [["id", 1], ["LIMIT", 1]]
  Rendering posts/show.html.erb within layouts/application
  [1m[36mComment Load (1.0ms)[0m  [1m[34mSELECT "comments".* FROM "comments" WHERE "comments"."post_id" = ?[0m  [["post_id", 1]]
  Rendered comments/_comments.html.erb (3.0ms)
  Rendered comments/_form.html.erb (5.0ms)
  Rendered posts/show.html.erb within layouts/application (57.5ms)
Completed 200 OK in 239ms (Views: 213.7ms | ActiveRecord: 1.0ms)


Started GET "/posts/1" for 127.0.0.1 at 2017-12-30 23:25:11 +0530
Processing by PostsController#show as HTML
  Parameters: {"id"=>"1"}
  [1m[36mPost Load (0.5ms)[0m  [1m[34mSELECT  "posts".* FROM "posts" WHERE "posts"."id" = ? LIMIT ?[0m  [["id", 1], ["LIMIT", 1]]
  Rendering posts/show.html.erb within layouts/application
  [1m[36mComment Load (4.0ms)[0m  [1m[34mSELECT "comments".* FROM "comments" WHERE "comments"."post_id" = ?[0m  [["post_id", 1]]
  Rendered comments/_comments.html.erb (29.5ms)
  Rendered comments/_form.html.erb (19.0ms)
  Rendered posts/show.html.erb within layouts/application (132.1ms)
Completed 200 OK in 375ms (Views: 315.6ms | ActiveRecord: 8.5ms)


Started DELETE "/posts/1" for 127.0.0.1 at 2017-12-30 23:25:16 +0530
Processing by PostsController#destroy as HTML
  Parameters: {"authenticity_token"=>"CvOf5+EP58MeeELuvQjdOBzeC0u9dHd5grD1dDvbvrwdWUevAQi9t+uWGbkLvxqEyq0I1+Kex4oneVLwUueXog==", "id"=>"1"}
Filter chain halted as #<Proc:0xbd21fc0@C:/RailsInstaller/Ruby2.3.3/lib/ruby/gems/2.3.0/gems/actionpack-5.1.4/lib/action_controller/metal/http_authentication.rb:70> rendered or redirected
Completed 401 Unauthorized in 7ms (ActiveRecord: 0.0ms)


Started DELETE "/posts/1" for 127.0.0.1 at 2017-12-30 23:25:21 +0530
Processing by PostsController#destroy as HTML
  Parameters: {"authenticity_token"=>"CvOf5+EP58MeeELuvQjdOBzeC0u9dHd5grD1dDvbvrwdWUevAQi9t+uWGbkLvxqEyq0I1+Kex4oneVLwUueXog==", "id"=>"1"}
Filter chain halted as #<Proc:0xbd21fc0@C:/RailsInstaller/Ruby2.3.3/lib/ruby/gems/2.3.0/gems/actionpack-5.1.4/lib/action_controller/metal/http_authentication.rb:70> rendered or redirected
Completed 401 Unauthorized in 1ms (ActiveRecord: 0.0ms)


Started DELETE "/posts/1" for 127.0.0.1 at 2017-12-30 23:25:22 +0530
Processing by PostsController#destroy as HTML
  Parameters: {"authenticity_token"=>"CvOf5+EP58MeeELuvQjdOBzeC0u9dHd5grD1dDvbvrwdWUevAQi9t+uWGbkLvxqEyq0I1+Kex4oneVLwUueXog==", "id"=>"1"}
Filter chain halted as #<Proc:0xbd21fc0@C:/RailsInstaller/Ruby2.3.3/lib/ruby/gems/2.3.0/gems/actionpack-5.1.4/lib/action_controller/metal/http_authentication.rb:70> rendered or redirected
Completed 401 Unauthorized in 1ms (ActiveRecord: 0.0ms)


